Episode: 1, total numsteps: 1000, episode steps: 1000, reward: -2.83
Saving models to /home/ythuang/pytorch-soft-actor-critic/models/Swimmer-v2/3/sac_actor and /home/ythuang/pytorch-soft-actor-critic/models/Swimmer-v2/3/sac_critic
Episode: 2, total numsteps: 2000, episode steps: 1000, reward: -22.01
Saving models to /home/ythuang/pytorch-soft-actor-critic/models/Swimmer-v2/3/sac_actor and /home/ythuang/pytorch-soft-actor-critic/models/Swimmer-v2/3/sac_critic
Episode: 3, total numsteps: 3000, episode steps: 1000, reward: 14.1
Saving models to /home/ythuang/pytorch-soft-actor-critic/models/Swimmer-v2/3/sac_actor and /home/ythuang/pytorch-soft-actor-critic/models/Swimmer-v2/3/sac_critic
Episode: 4, total numsteps: 4000, episode steps: 1000, reward: 8.2
Saving models to /home/ythuang/pytorch-soft-actor-critic/models/Swimmer-v2/3/sac_actor and /home/ythuang/pytorch-soft-actor-critic/models/Swimmer-v2/3/sac_critic
Episode: 5, total numsteps: 5000, episode steps: 1000, reward: -14.71
Saving models to /home/ythuang/pytorch-soft-actor-critic/models/Swimmer-v2/3/sac_actor and /home/ythuang/pytorch-soft-actor-critic/models/Swimmer-v2/3/sac_critic
Episode: 6, total numsteps: 6000, episode steps: 1000, reward: -2.95
Saving models to /home/ythuang/pytorch-soft-actor-critic/models/Swimmer-v2/3/sac_actor and /home/ythuang/pytorch-soft-actor-critic/models/Swimmer-v2/3/sac_critic
Episode: 7, total numsteps: 7000, episode steps: 1000, reward: 8.35
Saving models to /home/ythuang/pytorch-soft-actor-critic/models/Swimmer-v2/3/sac_actor and /home/ythuang/pytorch-soft-actor-critic/models/Swimmer-v2/3/sac_critic
Episode: 8, total numsteps: 8000, episode steps: 1000, reward: -10.47
Saving models to /home/ythuang/pytorch-soft-actor-critic/models/Swimmer-v2/3/sac_actor and /home/ythuang/pytorch-soft-actor-critic/models/Swimmer-v2/3/sac_critic
Episode: 9, total numsteps: 9000, episode steps: 1000, reward: -33.79
Saving models to /home/ythuang/pytorch-soft-actor-critic/models/Swimmer-v2/3/sac_actor and /home/ythuang/pytorch-soft-actor-critic/models/Swimmer-v2/3/sac_critic
Episode: 10, total numsteps: 10000, episode steps: 1000, reward: 37.14
----------------------------------------
Test Episodes: 10, Avg. Reward: 19.22
----------------------------------------
Saving models to /home/ythuang/pytorch-soft-actor-critic/models/Swimmer-v2/3/sac_actor and /home/ythuang/pytorch-soft-actor-critic/models/Swimmer-v2/3/sac_critic
Episode: 11, total numsteps: 11000, episode steps: 1000, reward: 18.54
Saving models to /home/ythuang/pytorch-soft-actor-critic/models/Swimmer-v2/3/sac_actor and /home/ythuang/pytorch-soft-actor-critic/models/Swimmer-v2/3/sac_critic
Episode: 12, total numsteps: 12000, episode steps: 1000, reward: 23.35
Saving models to /home/ythuang/pytorch-soft-actor-critic/models/Swimmer-v2/3/sac_actor and /home/ythuang/pytorch-soft-actor-critic/models/Swimmer-v2/3/sac_critic
Episode: 13, total numsteps: 13000, episode steps: 1000, reward: 14.26
Saving models to /home/ythuang/pytorch-soft-actor-critic/models/Swimmer-v2/3/sac_actor and /home/ythuang/pytorch-soft-actor-critic/models/Swimmer-v2/3/sac_critic
Episode: 14, total numsteps: 14000, episode steps: 1000, reward: 16.02
Saving models to /home/ythuang/pytorch-soft-actor-critic/models/Swimmer-v2/3/sac_actor and /home/ythuang/pytorch-soft-actor-critic/models/Swimmer-v2/3/sac_critic
Episode: 15, total numsteps: 15000, episode steps: 1000, reward: 27.71
Saving models to /home/ythuang/pytorch-soft-actor-critic/models/Swimmer-v2/3/sac_actor and /home/ythuang/pytorch-soft-actor-critic/models/Swimmer-v2/3/sac_critic
Episode: 16, total numsteps: 16000, episode steps: 1000, reward: 18.78
Saving models to /home/ythuang/pytorch-soft-actor-critic/models/Swimmer-v2/3/sac_actor and /home/ythuang/pytorch-soft-actor-critic/models/Swimmer-v2/3/sac_critic
Episode: 17, total numsteps: 17000, episode steps: 1000, reward: 24.69
Saving models to /home/ythuang/pytorch-soft-actor-critic/models/Swimmer-v2/3/sac_actor and /home/ythuang/pytorch-soft-actor-critic/models/Swimmer-v2/3/sac_critic
Episode: 18, total numsteps: 18000, episode steps: 1000, reward: 20.66
Saving models to /home/ythuang/pytorch-soft-actor-critic/models/Swimmer-v2/3/sac_actor and /home/ythuang/pytorch-soft-actor-critic/models/Swimmer-v2/3/sac_critic
Episode: 19, total numsteps: 19000, episode steps: 1000, reward: 16.04
Saving models to /home/ythuang/pytorch-soft-actor-critic/models/Swimmer-v2/3/sac_actor and /home/ythuang/pytorch-soft-actor-critic/models/Swimmer-v2/3/sac_critic
Episode: 20, total numsteps: 20000, episode steps: 1000, reward: 8.17
----------------------------------------
Test Episodes: 10, Avg. Reward: 22.16
----------------------------------------
Saving models to /home/ythuang/pytorch-soft-actor-critic/models/Swimmer-v2/3/sac_actor and /home/ythuang/pytorch-soft-actor-critic/models/Swimmer-v2/3/sac_critic
Episode: 21, total numsteps: 21000, episode steps: 1000, reward: 7.82
Saving models to /home/ythuang/pytorch-soft-actor-critic/models/Swimmer-v2/3/sac_actor and /home/ythuang/pytorch-soft-actor-critic/models/Swimmer-v2/3/sac_critic
Episode: 22, total numsteps: 22000, episode steps: 1000, reward: 4.24
Saving models to /home/ythuang/pytorch-soft-actor-critic/models/Swimmer-v2/3/sac_actor and /home/ythuang/pytorch-soft-actor-critic/models/Swimmer-v2/3/sac_critic
Episode: 23, total numsteps: 23000, episode steps: 1000, reward: 6.49
Saving models to /home/ythuang/pytorch-soft-actor-critic/models/Swimmer-v2/3/sac_actor and /home/ythuang/pytorch-soft-actor-critic/models/Swimmer-v2/3/sac_critic
Episode: 24, total numsteps: 24000, episode steps: 1000, reward: -1.96
Saving models to /home/ythuang/pytorch-soft-actor-critic/models/Swimmer-v2/3/sac_actor and /home/ythuang/pytorch-soft-actor-critic/models/Swimmer-v2/3/sac_critic
Episode: 25, total numsteps: 25000, episode steps: 1000, reward: 4.77
Saving models to /home/ythuang/pytorch-soft-actor-critic/models/Swimmer-v2/3/sac_actor and /home/ythuang/pytorch-soft-actor-critic/models/Swimmer-v2/3/sac_critic
Episode: 26, total numsteps: 26000, episode steps: 1000, reward: 21.79
Saving models to /home/ythuang/pytorch-soft-actor-critic/models/Swimmer-v2/3/sac_actor and /home/ythuang/pytorch-soft-actor-critic/models/Swimmer-v2/3/sac_critic
Episode: 27, total numsteps: 27000, episode steps: 1000, reward: 9.99
Saving models to /home/ythuang/pytorch-soft-actor-critic/models/Swimmer-v2/3/sac_actor and /home/ythuang/pytorch-soft-actor-critic/models/Swimmer-v2/3/sac_critic
Episode: 28, total numsteps: 28000, episode steps: 1000, reward: 19.54
Saving models to /home/ythuang/pytorch-soft-actor-critic/models/Swimmer-v2/3/sac_actor and /home/ythuang/pytorch-soft-actor-critic/models/Swimmer-v2/3/sac_critic
Episode: 29, total numsteps: 29000, episode steps: 1000, reward: 0.89
Saving models to /home/ythuang/pytorch-soft-actor-critic/models/Swimmer-v2/3/sac_actor and /home/ythuang/pytorch-soft-actor-critic/models/Swimmer-v2/3/sac_critic
Episode: 30, total numsteps: 30000, episode steps: 1000, reward: 7.95
----------------------------------------
Test Episodes: 10, Avg. Reward: 4.06
----------------------------------------
Saving models to /home/ythuang/pytorch-soft-actor-critic/models/Swimmer-v2/3/sac_actor and /home/ythuang/pytorch-soft-actor-critic/models/Swimmer-v2/3/sac_critic
Episode: 31, total numsteps: 31000, episode steps: 1000, reward: 12.43
Saving models to /home/ythuang/pytorch-soft-actor-critic/models/Swimmer-v2/3/sac_actor and /home/ythuang/pytorch-soft-actor-critic/models/Swimmer-v2/3/sac_critic
Episode: 32, total numsteps: 32000, episode steps: 1000, reward: 11.64
Saving models to /home/ythuang/pytorch-soft-actor-critic/models/Swimmer-v2/3/sac_actor and /home/ythuang/pytorch-soft-actor-critic/models/Swimmer-v2/3/sac_critic
Episode: 33, total numsteps: 33000, episode steps: 1000, reward: 31.99
Saving models to /home/ythuang/pytorch-soft-actor-critic/models/Swimmer-v2/3/sac_actor and /home/ythuang/pytorch-soft-actor-critic/models/Swimmer-v2/3/sac_critic
Episode: 34, total numsteps: 34000, episode steps: 1000, reward: 31.26
Saving models to /home/ythuang/pytorch-soft-actor-critic/models/Swimmer-v2/3/sac_actor and /home/ythuang/pytorch-soft-actor-critic/models/Swimmer-v2/3/sac_critic