Episode: 1, total numsteps: 1000, episode steps: 1000, reward: -259.86
Saving models to /home/ythuang/pytorch-soft-actor-critic/models/HalfCheetah-v2/1/sac_actor and /home/ythuang/pytorch-soft-actor-critic/models/HalfCheetah-v2/1/sac_critic
Episode: 2, total numsteps: 2000, episode steps: 1000, reward: -334.14
Saving models to /home/ythuang/pytorch-soft-actor-critic/models/HalfCheetah-v2/1/sac_actor and /home/ythuang/pytorch-soft-actor-critic/models/HalfCheetah-v2/1/sac_critic
Episode: 3, total numsteps: 3000, episode steps: 1000, reward: -289.96
Saving models to /home/ythuang/pytorch-soft-actor-critic/models/HalfCheetah-v2/1/sac_actor and /home/ythuang/pytorch-soft-actor-critic/models/HalfCheetah-v2/1/sac_critic
Episode: 4, total numsteps: 4000, episode steps: 1000, reward: -416.13
Saving models to /home/ythuang/pytorch-soft-actor-critic/models/HalfCheetah-v2/1/sac_actor and /home/ythuang/pytorch-soft-actor-critic/models/HalfCheetah-v2/1/sac_critic
Episode: 5, total numsteps: 5000, episode steps: 1000, reward: -368.31
Saving models to /home/ythuang/pytorch-soft-actor-critic/models/HalfCheetah-v2/1/sac_actor and /home/ythuang/pytorch-soft-actor-critic/models/HalfCheetah-v2/1/sac_critic
Episode: 6, total numsteps: 6000, episode steps: 1000, reward: -351.97
Saving models to /home/ythuang/pytorch-soft-actor-critic/models/HalfCheetah-v2/1/sac_actor and /home/ythuang/pytorch-soft-actor-critic/models/HalfCheetah-v2/1/sac_critic
Episode: 7, total numsteps: 7000, episode steps: 1000, reward: -178.75
Saving models to /home/ythuang/pytorch-soft-actor-critic/models/HalfCheetah-v2/1/sac_actor and /home/ythuang/pytorch-soft-actor-critic/models/HalfCheetah-v2/1/sac_critic
Episode: 8, total numsteps: 8000, episode steps: 1000, reward: -239.0
Saving models to /home/ythuang/pytorch-soft-actor-critic/models/HalfCheetah-v2/1/sac_actor and /home/ythuang/pytorch-soft-actor-critic/models/HalfCheetah-v2/1/sac_critic
Episode: 9, total numsteps: 9000, episode steps: 1000, reward: -223.7
Saving models to /home/ythuang/pytorch-soft-actor-critic/models/HalfCheetah-v2/1/sac_actor and /home/ythuang/pytorch-soft-actor-critic/models/HalfCheetah-v2/1/sac_critic
Episode: 10, total numsteps: 10000, episode steps: 1000, reward: -287.97
----------------------------------------
Test Episodes: 10, Avg. Reward: -128.05
----------------------------------------
Saving models to /home/ythuang/pytorch-soft-actor-critic/models/HalfCheetah-v2/1/sac_actor and /home/ythuang/pytorch-soft-actor-critic/models/HalfCheetah-v2/1/sac_critic
Episode: 11, total numsteps: 11000, episode steps: 1000, reward: -248.79
Saving models to /home/ythuang/pytorch-soft-actor-critic/models/HalfCheetah-v2/1/sac_actor and /home/ythuang/pytorch-soft-actor-critic/models/HalfCheetah-v2/1/sac_critic
Episode: 12, total numsteps: 12000, episode steps: 1000, reward: -426.31
Saving models to /home/ythuang/pytorch-soft-actor-critic/models/HalfCheetah-v2/1/sac_actor and /home/ythuang/pytorch-soft-actor-critic/models/HalfCheetah-v2/1/sac_critic
Episode: 13, total numsteps: 13000, episode steps: 1000, reward: -105.58
Saving models to /home/ythuang/pytorch-soft-actor-critic/models/HalfCheetah-v2/1/sac_actor and /home/ythuang/pytorch-soft-actor-critic/models/HalfCheetah-v2/1/sac_critic
Episode: 14, total numsteps: 14000, episode steps: 1000, reward: -159.31
Saving models to /home/ythuang/pytorch-soft-actor-critic/models/HalfCheetah-v2/1/sac_actor and /home/ythuang/pytorch-soft-actor-critic/models/HalfCheetah-v2/1/sac_critic
Episode: 15, total numsteps: 15000, episode steps: 1000, reward: -17.08
Saving models to /home/ythuang/pytorch-soft-actor-critic/models/HalfCheetah-v2/1/sac_actor and /home/ythuang/pytorch-soft-actor-critic/models/HalfCheetah-v2/1/sac_critic
Episode: 16, total numsteps: 16000, episode steps: 1000, reward: 18.03
Saving models to /home/ythuang/pytorch-soft-actor-critic/models/HalfCheetah-v2/1/sac_actor and /home/ythuang/pytorch-soft-actor-critic/models/HalfCheetah-v2/1/sac_critic
Episode: 17, total numsteps: 17000, episode steps: 1000, reward: -50.57
Saving models to /home/ythuang/pytorch-soft-actor-critic/models/HalfCheetah-v2/1/sac_actor and /home/ythuang/pytorch-soft-actor-critic/models/HalfCheetah-v2/1/sac_critic
Episode: 18, total numsteps: 18000, episode steps: 1000, reward: 118.77
Saving models to /home/ythuang/pytorch-soft-actor-critic/models/HalfCheetah-v2/1/sac_actor and /home/ythuang/pytorch-soft-actor-critic/models/HalfCheetah-v2/1/sac_critic
Episode: 19, total numsteps: 19000, episode steps: 1000, reward: 83.65
Saving models to /home/ythuang/pytorch-soft-actor-critic/models/HalfCheetah-v2/1/sac_actor and /home/ythuang/pytorch-soft-actor-critic/models/HalfCheetah-v2/1/sac_critic
Episode: 20, total numsteps: 20000, episode steps: 1000, reward: 211.29
----------------------------------------
Test Episodes: 10, Avg. Reward: 870.1
----------------------------------------
Saving models to /home/ythuang/pytorch-soft-actor-critic/models/HalfCheetah-v2/1/sac_actor and /home/ythuang/pytorch-soft-actor-critic/models/HalfCheetah-v2/1/sac_critic
Episode: 21, total numsteps: 21000, episode steps: 1000, reward: 216.63
Saving models to /home/ythuang/pytorch-soft-actor-critic/models/HalfCheetah-v2/1/sac_actor and /home/ythuang/pytorch-soft-actor-critic/models/HalfCheetah-v2/1/sac_critic
Episode: 22, total numsteps: 22000, episode steps: 1000, reward: 404.99
Saving models to /home/ythuang/pytorch-soft-actor-critic/models/HalfCheetah-v2/1/sac_actor and /home/ythuang/pytorch-soft-actor-critic/models/HalfCheetah-v2/1/sac_critic
Episode: 23, total numsteps: 23000, episode steps: 1000, reward: 317.28
Saving models to /home/ythuang/pytorch-soft-actor-critic/models/HalfCheetah-v2/1/sac_actor and /home/ythuang/pytorch-soft-actor-critic/models/HalfCheetah-v2/1/sac_critic
Episode: 24, total numsteps: 24000, episode steps: 1000, reward: 243.62
Saving models to /home/ythuang/pytorch-soft-actor-critic/models/HalfCheetah-v2/1/sac_actor and /home/ythuang/pytorch-soft-actor-critic/models/HalfCheetah-v2/1/sac_critic
Episode: 25, total numsteps: 25000, episode steps: 1000, reward: 296.17
Saving models to /home/ythuang/pytorch-soft-actor-critic/models/HalfCheetah-v2/1/sac_actor and /home/ythuang/pytorch-soft-actor-critic/models/HalfCheetah-v2/1/sac_critic
Episode: 26, total numsteps: 26000, episode steps: 1000, reward: 31.96
Saving models to /home/ythuang/pytorch-soft-actor-critic/models/HalfCheetah-v2/1/sac_actor and /home/ythuang/pytorch-soft-actor-critic/models/HalfCheetah-v2/1/sac_critic
Episode: 27, total numsteps: 27000, episode steps: 1000, reward: -65.93
Saving models to /home/ythuang/pytorch-soft-actor-critic/models/HalfCheetah-v2/1/sac_actor and /home/ythuang/pytorch-soft-actor-critic/models/HalfCheetah-v2/1/sac_critic
Episode: 28, total numsteps: 28000, episode steps: 1000, reward: -147.01
Saving models to /home/ythuang/pytorch-soft-actor-critic/models/HalfCheetah-v2/1/sac_actor and /home/ythuang/pytorch-soft-actor-critic/models/HalfCheetah-v2/1/sac_critic
Episode: 29, total numsteps: 29000, episode steps: 1000, reward: 744.69
Saving models to /home/ythuang/pytorch-soft-actor-critic/models/HalfCheetah-v2/1/sac_actor and /home/ythuang/pytorch-soft-actor-critic/models/HalfCheetah-v2/1/sac_critic
Episode: 30, total numsteps: 30000, episode steps: 1000, reward: 942.76
----------------------------------------
Test Episodes: 10, Avg. Reward: 1343.64
----------------------------------------
Saving models to /home/ythuang/pytorch-soft-actor-critic/models/HalfCheetah-v2/1/sac_actor and /home/ythuang/pytorch-soft-actor-critic/models/HalfCheetah-v2/1/sac_critic
Episode: 31, total numsteps: 31000, episode steps: 1000, reward: 771.58
Saving models to /home/ythuang/pytorch-soft-actor-critic/models/HalfCheetah-v2/1/sac_actor and /home/ythuang/pytorch-soft-actor-critic/models/HalfCheetah-v2/1/sac_critic
Episode: 32, total numsteps: 32000, episode steps: 1000, reward: 165.56
Saving models to /home/ythuang/pytorch-soft-actor-critic/models/HalfCheetah-v2/1/sac_actor and /home/ythuang/pytorch-soft-actor-critic/models/HalfCheetah-v2/1/sac_critic
Episode: 33, total numsteps: 33000, episode steps: 1000, reward: 1130.33
Saving models to /home/ythuang/pytorch-soft-actor-critic/models/HalfCheetah-v2/1/sac_actor and /home/ythuang/pytorch-soft-actor-critic/models/HalfCheetah-v2/1/sac_critic
Episode: 34, total numsteps: 34000, episode steps: 1000, reward: 742.3
Saving models to /home/ythuang/pytorch-soft-actor-critic/models/HalfCheetah-v2/1/sac_actor and /home/ythuang/pytorch-soft-actor-critic/models/HalfCheetah-v2/1/sac_critic
Episode: 35, total numsteps: 35000, episode steps: 1000, reward: 1517.11
Saving models to /home/ythuang/pytorch-soft-actor-critic/models/HalfCheetah-v2/1/sac_actor and /home/ythuang/pytorch-soft-actor-critic/models/HalfCheetah-v2/1/sac_critic
Episode: 36, total numsteps: 36000, episode steps: 1000, reward: 1162.1
Saving models to /home/ythuang/pytorch-soft-actor-critic/models/HalfCheetah-v2/1/sac_actor and /home/ythuang/pytorch-soft-actor-critic/models/HalfCheetah-v2/1/sac_critic
Episode: 37, total numsteps: 37000, episode steps: 1000, reward: 1378.71
Saving models to /home/ythuang/pytorch-soft-actor-critic/models/HalfCheetah-v2/1/sac_actor and /home/ythuang/pytorch-soft-actor-critic/models/HalfCheetah-v2/1/sac_critic
Episode: 38, total numsteps: 38000, episode steps: 1000, reward: 809.31
Saving models to /home/ythuang/pytorch-soft-actor-critic/models/HalfCheetah-v2/1/sac_actor and /home/ythuang/pytorch-soft-actor-critic/models/HalfCheetah-v2/1/sac_critic
Episode: 39, total numsteps: 39000, episode steps: 1000, reward: 1718.21
Saving models to /home/ythuang/pytorch-soft-actor-critic/models/HalfCheetah-v2/1/sac_actor and /home/ythuang/pytorch-soft-actor-critic/models/HalfCheetah-v2/1/sac_critic
Episode: 40, total numsteps: 40000, episode steps: 1000, reward: 1415.51
----------------------------------------
Test Episodes: 10, Avg. Reward: 1993.61
----------------------------------------
Saving models to /home/ythuang/pytorch-soft-actor-critic/models/HalfCheetah-v2/1/sac_actor and /home/ythuang/pytorch-soft-actor-critic/models/HalfCheetah-v2/1/sac_critic
Episode: 41, total numsteps: 41000, episode steps: 1000, reward: 1798.05
Saving models to /home/ythuang/pytorch-soft-actor-critic/models/HalfCheetah-v2/1/sac_actor and /home/ythuang/pytorch-soft-actor-critic/models/HalfCheetah-v2/1/sac_critic
Episode: 42, total numsteps: 42000, episode steps: 1000, reward: 1154.66
Saving models to /home/ythuang/pytorch-soft-actor-critic/models/HalfCheetah-v2/1/sac_actor and /home/ythuang/pytorch-soft-actor-critic/models/HalfCheetah-v2/1/sac_critic
Episode: 43, total numsteps: 43000, episode steps: 1000, reward: 1983.16
Saving models to /home/ythuang/pytorch-soft-actor-critic/models/HalfCheetah-v2/1/sac_actor and /home/ythuang/pytorch-soft-actor-critic/models/HalfCheetah-v2/1/sac_critic
Episode: 44, total numsteps: 44000, episode steps: 1000, reward: -21.64
Saving models to /home/ythuang/pytorch-soft-actor-critic/models/HalfCheetah-v2/1/sac_actor and /home/ythuang/pytorch-soft-actor-critic/models/HalfCheetah-v2/1/sac_critic
Episode: 45, total numsteps: 45000, episode steps: 1000, reward: 1991.89
Saving models to /home/ythuang/pytorch-soft-actor-critic/models/HalfCheetah-v2/1/sac_actor and /home/ythuang/pytorch-soft-actor-critic/models/HalfCheetah-v2/1/sac_critic
Episode: 46, total numsteps: 46000, episode steps: 1000, reward: 2011.0
Saving models to /home/ythuang/pytorch-soft-actor-critic/models/HalfCheetah-v2/1/sac_actor and /home/ythuang/pytorch-soft-actor-critic/models/HalfCheetah-v2/1/sac_critic
Episode: 47, total numsteps: 47000, episode steps: 1000, reward: 2300.81
Saving models to /home/ythuang/pytorch-soft-actor-critic/models/HalfCheetah-v2/1/sac_actor and /home/ythuang/pytorch-soft-actor-critic/models/HalfCheetah-v2/1/sac_critic
Episode: 48, total numsteps: 48000, episode steps: 1000, reward: 2381.52
Saving models to /home/ythuang/pytorch-soft-actor-critic/models/HalfCheetah-v2/1/sac_actor and /home/ythuang/pytorch-soft-actor-critic/models/HalfCheetah-v2/1/sac_critic
Episode: 49, total numsteps: 49000, episode steps: 1000, reward: 2396.97
Saving models to /home/ythuang/pytorch-soft-actor-critic/models/HalfCheetah-v2/1/sac_actor and /home/ythuang/pytorch-soft-actor-critic/models/HalfCheetah-v2/1/sac_critic
Episode: 50, total numsteps: 50000, episode steps: 1000, reward: 2635.1
----------------------------------------
Test Episodes: 10, Avg. Reward: 3053.97
----------------------------------------
Saving models to /home/ythuang/pytorch-soft-actor-critic/models/HalfCheetah-v2/1/sac_actor and /home/ythuang/pytorch-soft-actor-critic/models/HalfCheetah-v2/1/sac_critic
Episode: 51, total numsteps: 51000, episode steps: 1000, reward: 2522.25
Saving models to /home/ythuang/pytorch-soft-actor-critic/models/HalfCheetah-v2/1/sac_actor and /home/ythuang/pytorch-soft-actor-critic/models/HalfCheetah-v2/1/sac_critic
Episode: 52, total numsteps: 52000, episode steps: 1000, reward: 1934.4
Saving models to /home/ythuang/pytorch-soft-actor-critic/models/HalfCheetah-v2/1/sac_actor and /home/ythuang/pytorch-soft-actor-critic/models/HalfCheetah-v2/1/sac_critic
Episode: 53, total numsteps: 53000, episode steps: 1000, reward: 2657.99
Saving models to /home/ythuang/pytorch-soft-actor-critic/models/HalfCheetah-v2/1/sac_actor and /home/ythuang/pytorch-soft-actor-critic/models/HalfCheetah-v2/1/sac_critic
Episode: 54, total numsteps: 54000, episode steps: 1000, reward: 2972.75
Saving models to /home/ythuang/pytorch-soft-actor-critic/models/HalfCheetah-v2/1/sac_actor and /home/ythuang/pytorch-soft-actor-critic/models/HalfCheetah-v2/1/sac_critic
Episode: 55, total numsteps: 55000, episode steps: 1000, reward: 3178.36
Saving models to /home/ythuang/pytorch-soft-actor-critic/models/HalfCheetah-v2/1/sac_actor and /home/ythuang/pytorch-soft-actor-critic/models/HalfCheetah-v2/1/sac_critic
Episode: 56, total numsteps: 56000, episode steps: 1000, reward: 2830.66
Saving models to /home/ythuang/pytorch-soft-actor-critic/models/HalfCheetah-v2/1/sac_actor and /home/ythuang/pytorch-soft-actor-critic/models/HalfCheetah-v2/1/sac_critic
Episode: 57, total numsteps: 57000, episode steps: 1000, reward: 3066.7
Saving models to /home/ythuang/pytorch-soft-actor-critic/models/HalfCheetah-v2/1/sac_actor and /home/ythuang/pytorch-soft-actor-critic/models/HalfCheetah-v2/1/sac_critic
Episode: 58, total numsteps: 58000, episode steps: 1000, reward: 2946.15
Saving models to /home/ythuang/pytorch-soft-actor-critic/models/HalfCheetah-v2/1/sac_actor and /home/ythuang/pytorch-soft-actor-critic/models/HalfCheetah-v2/1/sac_critic
Episode: 59, total numsteps: 59000, episode steps: 1000, reward: 3296.49
Saving models to /home/ythuang/pytorch-soft-actor-critic/models/HalfCheetah-v2/1/sac_actor and /home/ythuang/pytorch-soft-actor-critic/models/HalfCheetah-v2/1/sac_critic
Episode: 60, total numsteps: 60000, episode steps: 1000, reward: 3645.05
----------------------------------------
Test Episodes: 10, Avg. Reward: 3952.89
----------------------------------------
Saving models to /home/ythuang/pytorch-soft-actor-critic/models/HalfCheetah-v2/1/sac_actor and /home/ythuang/pytorch-soft-actor-critic/models/HalfCheetah-v2/1/sac_critic
Episode: 61, total numsteps: 61000, episode steps: 1000, reward: 3063.1
Saving models to /home/ythuang/pytorch-soft-actor-critic/models/HalfCheetah-v2/1/sac_actor and /home/ythuang/pytorch-soft-actor-critic/models/HalfCheetah-v2/1/sac_critic
Episode: 62, total numsteps: 62000, episode steps: 1000, reward: 3509.0
Saving models to /home/ythuang/pytorch-soft-actor-critic/models/HalfCheetah-v2/1/sac_actor and /home/ythuang/pytorch-soft-actor-critic/models/HalfCheetah-v2/1/sac_critic
Episode: 63, total numsteps: 63000, episode steps: 1000, reward: 3444.9
Saving models to /home/ythuang/pytorch-soft-actor-critic/models/HalfCheetah-v2/1/sac_actor and /home/ythuang/pytorch-soft-actor-critic/models/HalfCheetah-v2/1/sac_critic
Episode: 64, total numsteps: 64000, episode steps: 1000, reward: 3377.67
Saving models to /home/ythuang/pytorch-soft-actor-critic/models/HalfCheetah-v2/1/sac_actor and /home/ythuang/pytorch-soft-actor-critic/models/HalfCheetah-v2/1/sac_critic
Episode: 65, total numsteps: 65000, episode steps: 1000, reward: 3494.99
Saving models to /home/ythuang/pytorch-soft-actor-critic/models/HalfCheetah-v2/1/sac_actor and /home/ythuang/pytorch-soft-actor-critic/models/HalfCheetah-v2/1/sac_critic
Episode: 66, total numsteps: 66000, episode steps: 1000, reward: 2213.49
Saving models to /home/ythuang/pytorch-soft-actor-critic/models/HalfCheetah-v2/1/sac_actor and /home/ythuang/pytorch-soft-actor-critic/models/HalfCheetah-v2/1/sac_critic
Episode: 67, total numsteps: 67000, episode steps: 1000, reward: 3615.75
Saving models to /home/ythuang/pytorch-soft-actor-critic/models/HalfCheetah-v2/1/sac_actor and /home/ythuang/pytorch-soft-actor-critic/models/HalfCheetah-v2/1/sac_critic
Episode: 68, total numsteps: 68000, episode steps: 1000, reward: 3676.32
Saving models to /home/ythuang/pytorch-soft-actor-critic/models/HalfCheetah-v2/1/sac_actor and /home/ythuang/pytorch-soft-actor-critic/models/HalfCheetah-v2/1/sac_critic
Episode: 69, total numsteps: 69000, episode steps: 1000, reward: 3592.61
Saving models to /home/ythuang/pytorch-soft-actor-critic/models/HalfCheetah-v2/1/sac_actor and /home/ythuang/pytorch-soft-actor-critic/models/HalfCheetah-v2/1/sac_critic
Episode: 70, total numsteps: 70000, episode steps: 1000, reward: 3719.0
----------------------------------------
Test Episodes: 10, Avg. Reward: 4319.84
----------------------------------------
Saving models to /home/ythuang/pytorch-soft-actor-critic/models/HalfCheetah-v2/1/sac_actor and /home/ythuang/pytorch-soft-actor-critic/models/HalfCheetah-v2/1/sac_critic
Episode: 71, total numsteps: 71000, episode steps: 1000, reward: 4134.17
Saving models to /home/ythuang/pytorch-soft-actor-critic/models/HalfCheetah-v2/1/sac_actor and /home/ythuang/pytorch-soft-actor-critic/models/HalfCheetah-v2/1/sac_critic
Episode: 72, total numsteps: 72000, episode steps: 1000, reward: 3755.65
Saving models to /home/ythuang/pytorch-soft-actor-critic/models/HalfCheetah-v2/1/sac_actor and /home/ythuang/pytorch-soft-actor-critic/models/HalfCheetah-v2/1/sac_critic
Episode: 73, total numsteps: 73000, episode steps: 1000, reward: 4101.83
Saving models to /home/ythuang/pytorch-soft-actor-critic/models/HalfCheetah-v2/1/sac_actor and /home/ythuang/pytorch-soft-actor-critic/models/HalfCheetah-v2/1/sac_critic
Episode: 74, total numsteps: 74000, episode steps: 1000, reward: 3990.18
Saving models to /home/ythuang/pytorch-soft-actor-critic/models/HalfCheetah-v2/1/sac_actor and /home/ythuang/pytorch-soft-actor-critic/models/HalfCheetah-v2/1/sac_critic
Episode: 75, total numsteps: 75000, episode steps: 1000, reward: 4174.16
Saving models to /home/ythuang/pytorch-soft-actor-critic/models/HalfCheetah-v2/1/sac_actor and /home/ythuang/pytorch-soft-actor-critic/models/HalfCheetah-v2/1/sac_critic
Episode: 76, total numsteps: 76000, episode steps: 1000, reward: 1903.2
Saving models to /home/ythuang/pytorch-soft-actor-critic/models/HalfCheetah-v2/1/sac_actor and /home/ythuang/pytorch-soft-actor-critic/models/HalfCheetah-v2/1/sac_critic
Episode: 77, total numsteps: 77000, episode steps: 1000, reward: 4187.66
Saving models to /home/ythuang/pytorch-soft-actor-critic/models/HalfCheetah-v2/1/sac_actor and /home/ythuang/pytorch-soft-actor-critic/models/HalfCheetah-v2/1/sac_critic
Episode: 78, total numsteps: 78000, episode steps: 1000, reward: 4346.55
Saving models to /home/ythuang/pytorch-soft-actor-critic/models/HalfCheetah-v2/1/sac_actor and /home/ythuang/pytorch-soft-actor-critic/models/HalfCheetah-v2/1/sac_critic
Episode: 79, total numsteps: 79000, episode steps: 1000, reward: 4312.44
Saving models to /home/ythuang/pytorch-soft-actor-critic/models/HalfCheetah-v2/1/sac_actor and /home/ythuang/pytorch-soft-actor-critic/models/HalfCheetah-v2/1/sac_critic
Episode: 80, total numsteps: 80000, episode steps: 1000, reward: 3536.33
----------------------------------------
Test Episodes: 10, Avg. Reward: 5065.11
----------------------------------------
Saving models to /home/ythuang/pytorch-soft-actor-critic/models/HalfCheetah-v2/1/sac_actor and /home/ythuang/pytorch-soft-actor-critic/models/HalfCheetah-v2/1/sac_critic
Episode: 81, total numsteps: 81000, episode steps: 1000, reward: 4690.3
Saving models to /home/ythuang/pytorch-soft-actor-critic/models/HalfCheetah-v2/1/sac_actor and /home/ythuang/pytorch-soft-actor-critic/models/HalfCheetah-v2/1/sac_critic
Episode: 82, total numsteps: 82000, episode steps: 1000, reward: 4524.09
Saving models to /home/ythuang/pytorch-soft-actor-critic/models/HalfCheetah-v2/1/sac_actor and /home/ythuang/pytorch-soft-actor-critic/models/HalfCheetah-v2/1/sac_critic
Episode: 83, total numsteps: 83000, episode steps: 1000, reward: 4353.52
Saving models to /home/ythuang/pytorch-soft-actor-critic/models/HalfCheetah-v2/1/sac_actor and /home/ythuang/pytorch-soft-actor-critic/models/HalfCheetah-v2/1/sac_critic
Episode: 84, total numsteps: 84000, episode steps: 1000, reward: 4732.55
Saving models to /home/ythuang/pytorch-soft-actor-critic/models/HalfCheetah-v2/1/sac_actor and /home/ythuang/pytorch-soft-actor-critic/models/HalfCheetah-v2/1/sac_critic
Episode: 85, total numsteps: 85000, episode steps: 1000, reward: 5008.16
Saving models to /home/ythuang/pytorch-soft-actor-critic/models/HalfCheetah-v2/1/sac_actor and /home/ythuang/pytorch-soft-actor-critic/models/HalfCheetah-v2/1/sac_critic
Episode: 86, total numsteps: 86000, episode steps: 1000, reward: 4889.12
Saving models to /home/ythuang/pytorch-soft-actor-critic/models/HalfCheetah-v2/1/sac_actor and /home/ythuang/pytorch-soft-actor-critic/models/HalfCheetah-v2/1/sac_critic
Episode: 87, total numsteps: 87000, episode steps: 1000, reward: 4982.41
Saving models to /home/ythuang/pytorch-soft-actor-critic/models/HalfCheetah-v2/1/sac_actor and /home/ythuang/pytorch-soft-actor-critic/models/HalfCheetah-v2/1/sac_critic
Episode: 88, total numsteps: 88000, episode steps: 1000, reward: 5013.75
Saving models to /home/ythuang/pytorch-soft-actor-critic/models/HalfCheetah-v2/1/sac_actor and /home/ythuang/pytorch-soft-actor-critic/models/HalfCheetah-v2/1/sac_critic
Episode: 89, total numsteps: 89000, episode steps: 1000, reward: 4892.26
Saving models to /home/ythuang/pytorch-soft-actor-critic/models/HalfCheetah-v2/1/sac_actor and /home/ythuang/pytorch-soft-actor-critic/models/HalfCheetah-v2/1/sac_critic
Episode: 90, total numsteps: 90000, episode steps: 1000, reward: 110.74
----------------------------------------
Test Episodes: 10, Avg. Reward: 5099.87
----------------------------------------
Saving models to /home/ythuang/pytorch-soft-actor-critic/models/HalfCheetah-v2/1/sac_actor and /home/ythuang/pytorch-soft-actor-critic/models/HalfCheetah-v2/1/sac_critic
Episode: 91, total numsteps: 91000, episode steps: 1000, reward: 4008.0
Saving models to /home/ythuang/pytorch-soft-actor-critic/models/HalfCheetah-v2/1/sac_actor and /home/ythuang/pytorch-soft-actor-critic/models/HalfCheetah-v2/1/sac_critic
Episode: 92, total numsteps: 92000, episode steps: 1000, reward: 4953.27
Saving models to /home/ythuang/pytorch-soft-actor-critic/models/HalfCheetah-v2/1/sac_actor and /home/ythuang/pytorch-soft-actor-critic/models/HalfCheetah-v2/1/sac_critic
Episode: 93, total numsteps: 93000, episode steps: 1000, reward: 4868.8
Saving models to /home/ythuang/pytorch-soft-actor-critic/models/HalfCheetah-v2/1/sac_actor and /home/ythuang/pytorch-soft-actor-critic/models/HalfCheetah-v2/1/sac_critic
Episode: 94, total numsteps: 94000, episode steps: 1000, reward: 4928.23
Saving models to /home/ythuang/pytorch-soft-actor-critic/models/HalfCheetah-v2/1/sac_actor and /home/ythuang/pytorch-soft-actor-critic/models/HalfCheetah-v2/1/sac_critic
Episode: 95, total numsteps: 95000, episode steps: 1000, reward: 5001.09
Saving models to /home/ythuang/pytorch-soft-actor-critic/models/HalfCheetah-v2/1/sac_actor and /home/ythuang/pytorch-soft-actor-critic/models/HalfCheetah-v2/1/sac_critic
Episode: 96, total numsteps: 96000, episode steps: 1000, reward: 5148.2
Saving models to /home/ythuang/pytorch-soft-actor-critic/models/HalfCheetah-v2/1/sac_actor and /home/ythuang/pytorch-soft-actor-critic/models/HalfCheetah-v2/1/sac_critic
Episode: 97, total numsteps: 97000, episode steps: 1000, reward: 5276.67
Saving models to /home/ythuang/pytorch-soft-actor-critic/models/HalfCheetah-v2/1/sac_actor and /home/ythuang/pytorch-soft-actor-critic/models/HalfCheetah-v2/1/sac_critic
Episode: 98, total numsteps: 98000, episode steps: 1000, reward: 4970.99
Saving models to /home/ythuang/pytorch-soft-actor-critic/models/HalfCheetah-v2/1/sac_actor and /home/ythuang/pytorch-soft-actor-critic/models/HalfCheetah-v2/1/sac_critic
Episode: 99, total numsteps: 99000, episode steps: 1000, reward: 5107.77
Saving models to /home/ythuang/pytorch-soft-actor-critic/models/HalfCheetah-v2/1/sac_actor and /home/ythuang/pytorch-soft-actor-critic/models/HalfCheetah-v2/1/sac_critic
Episode: 100, total numsteps: 100000, episode steps: 1000, reward: 5319.87
----------------------------------------
Test Episodes: 10, Avg. Reward: 6078.07
----------------------------------------
Saving models to /home/ythuang/pytorch-soft-actor-critic/models/HalfCheetah-v2/1/sac_actor and /home/ythuang/pytorch-soft-actor-critic/models/HalfCheetah-v2/1/sac_critic
Episode: 101, total numsteps: 101000, episode steps: 1000, reward: 5425.98
Saving models to /home/ythuang/pytorch-soft-actor-critic/models/HalfCheetah-v2/1/sac_actor and /home/ythuang/pytorch-soft-actor-critic/models/HalfCheetah-v2/1/sac_critic
Episode: 102, total numsteps: 102000, episode steps: 1000, reward: 5406.32
Saving models to /home/ythuang/pytorch-soft-actor-critic/models/HalfCheetah-v2/1/sac_actor and /home/ythuang/pytorch-soft-actor-critic/models/HalfCheetah-v2/1/sac_critic
Episode: 103, total numsteps: 103000, episode steps: 1000, reward: 5069.01
Saving models to /home/ythuang/pytorch-soft-actor-critic/models/HalfCheetah-v2/1/sac_actor and /home/ythuang/pytorch-soft-actor-critic/models/HalfCheetah-v2/1/sac_critic
Episode: 104, total numsteps: 104000, episode steps: 1000, reward: 5382.89
Saving models to /home/ythuang/pytorch-soft-actor-critic/models/HalfCheetah-v2/1/sac_actor and /home/ythuang/pytorch-soft-actor-critic/models/HalfCheetah-v2/1/sac_critic
Episode: 105, total numsteps: 105000, episode steps: 1000, reward: 5313.98
Saving models to /home/ythuang/pytorch-soft-actor-critic/models/HalfCheetah-v2/1/sac_actor and /home/ythuang/pytorch-soft-actor-critic/models/HalfCheetah-v2/1/sac_critic
Episode: 106, total numsteps: 106000, episode steps: 1000, reward: 5636.67
Saving models to /home/ythuang/pytorch-soft-actor-critic/models/HalfCheetah-v2/1/sac_actor and /home/ythuang/pytorch-soft-actor-critic/models/HalfCheetah-v2/1/sac_critic
Episode: 107, total numsteps: 107000, episode steps: 1000, reward: 5548.6
Saving models to /home/ythuang/pytorch-soft-actor-critic/models/HalfCheetah-v2/1/sac_actor and /home/ythuang/pytorch-soft-actor-critic/models/HalfCheetah-v2/1/sac_critic
Episode: 108, total numsteps: 108000, episode steps: 1000, reward: 5394.98
Saving models to /home/ythuang/pytorch-soft-actor-critic/models/HalfCheetah-v2/1/sac_actor and /home/ythuang/pytorch-soft-actor-critic/models/HalfCheetah-v2/1/sac_critic
Episode: 109, total numsteps: 109000, episode steps: 1000, reward: 5435.66
Saving models to /home/ythuang/pytorch-soft-actor-critic/models/HalfCheetah-v2/1/sac_actor and /home/ythuang/pytorch-soft-actor-critic/models/HalfCheetah-v2/1/sac_critic
Episode: 110, total numsteps: 110000, episode steps: 1000, reward: 2333.63
----------------------------------------
Test Episodes: 10, Avg. Reward: 6218.97
----------------------------------------
Saving models to /home/ythuang/pytorch-soft-actor-critic/models/HalfCheetah-v2/1/sac_actor and /home/ythuang/pytorch-soft-actor-critic/models/HalfCheetah-v2/1/sac_critic
Episode: 111, total numsteps: 111000, episode steps: 1000, reward: 5529.3
Saving models to /home/ythuang/pytorch-soft-actor-critic/models/HalfCheetah-v2/1/sac_actor and /home/ythuang/pytorch-soft-actor-critic/models/HalfCheetah-v2/1/sac_critic
Episode: 112, total numsteps: 112000, episode steps: 1000, reward: 5757.0
Saving models to /home/ythuang/pytorch-soft-actor-critic/models/HalfCheetah-v2/1/sac_actor and /home/ythuang/pytorch-soft-actor-critic/models/HalfCheetah-v2/1/sac_critic
Episode: 113, total numsteps: 113000, episode steps: 1000, reward: 5403.21
Saving models to /home/ythuang/pytorch-soft-actor-critic/models/HalfCheetah-v2/1/sac_actor and /home/ythuang/pytorch-soft-actor-critic/models/HalfCheetah-v2/1/sac_critic
Episode: 114, total numsteps: 114000, episode steps: 1000, reward: 5611.52
Saving models to /home/ythuang/pytorch-soft-actor-critic/models/HalfCheetah-v2/1/sac_actor and /home/ythuang/pytorch-soft-actor-critic/models/HalfCheetah-v2/1/sac_critic
Episode: 115, total numsteps: 115000, episode steps: 1000, reward: 5591.23
Saving models to /home/ythuang/pytorch-soft-actor-critic/models/HalfCheetah-v2/1/sac_actor and /home/ythuang/pytorch-soft-actor-critic/models/HalfCheetah-v2/1/sac_critic
Episode: 116, total numsteps: 116000, episode steps: 1000, reward: 5563.64
Saving models to /home/ythuang/pytorch-soft-actor-critic/models/HalfCheetah-v2/1/sac_actor and /home/ythuang/pytorch-soft-actor-critic/models/HalfCheetah-v2/1/sac_critic
Episode: 117, total numsteps: 117000, episode steps: 1000, reward: 5747.69
Saving models to /home/ythuang/pytorch-soft-actor-critic/models/HalfCheetah-v2/1/sac_actor and /home/ythuang/pytorch-soft-actor-critic/models/HalfCheetah-v2/1/sac_critic
Episode: 118, total numsteps: 118000, episode steps: 1000, reward: 5806.97
Saving models to /home/ythuang/pytorch-soft-actor-critic/models/HalfCheetah-v2/1/sac_actor and /home/ythuang/pytorch-soft-actor-critic/models/HalfCheetah-v2/1/sac_critic
Episode: 119, total numsteps: 119000, episode steps: 1000, reward: 5722.08
Saving models to /home/ythuang/pytorch-soft-actor-critic/models/HalfCheetah-v2/1/sac_actor and /home/ythuang/pytorch-soft-actor-critic/models/HalfCheetah-v2/1/sac_critic
Episode: 120, total numsteps: 120000, episode steps: 1000, reward: 5655.89
----------------------------------------
Test Episodes: 10, Avg. Reward: 6028.94
----------------------------------------
Saving models to /home/ythuang/pytorch-soft-actor-critic/models/HalfCheetah-v2/1/sac_actor and /home/ythuang/pytorch-soft-actor-critic/models/HalfCheetah-v2/1/sac_critic
Episode: 121, total numsteps: 121000, episode steps: 1000, reward: 5663.64
Saving models to /home/ythuang/pytorch-soft-actor-critic/models/HalfCheetah-v2/1/sac_actor and /home/ythuang/pytorch-soft-actor-critic/models/HalfCheetah-v2/1/sac_critic
Episode: 122, total numsteps: 122000, episode steps: 1000, reward: 5899.7
Saving models to /home/ythuang/pytorch-soft-actor-critic/models/HalfCheetah-v2/1/sac_actor and /home/ythuang/pytorch-soft-actor-critic/models/HalfCheetah-v2/1/sac_critic
Episode: 123, total numsteps: 123000, episode steps: 1000, reward: 5918.91
Saving models to /home/ythuang/pytorch-soft-actor-critic/models/HalfCheetah-v2/1/sac_actor and /home/ythuang/pytorch-soft-actor-critic/models/HalfCheetah-v2/1/sac_critic
Episode: 124, total numsteps: 124000, episode steps: 1000, reward: 5904.11
Saving models to /home/ythuang/pytorch-soft-actor-critic/models/HalfCheetah-v2/1/sac_actor and /home/ythuang/pytorch-soft-actor-critic/models/HalfCheetah-v2/1/sac_critic
Episode: 125, total numsteps: 125000, episode steps: 1000, reward: 5765.35
Saving models to /home/ythuang/pytorch-soft-actor-critic/models/HalfCheetah-v2/1/sac_actor and /home/ythuang/pytorch-soft-actor-critic/models/HalfCheetah-v2/1/sac_critic
Episode: 126, total numsteps: 126000, episode steps: 1000, reward: 5716.41
Saving models to /home/ythuang/pytorch-soft-actor-critic/models/HalfCheetah-v2/1/sac_actor and /home/ythuang/pytorch-soft-actor-critic/models/HalfCheetah-v2/1/sac_critic
Episode: 127, total numsteps: 127000, episode steps: 1000, reward: 5817.4
Saving models to /home/ythuang/pytorch-soft-actor-critic/models/HalfCheetah-v2/1/sac_actor and /home/ythuang/pytorch-soft-actor-critic/models/HalfCheetah-v2/1/sac_critic
Episode: 128, total numsteps: 128000, episode steps: 1000, reward: 5959.2
Saving models to /home/ythuang/pytorch-soft-actor-critic/models/HalfCheetah-v2/1/sac_actor and /home/ythuang/pytorch-soft-actor-critic/models/HalfCheetah-v2/1/sac_critic
Episode: 129, total numsteps: 129000, episode steps: 1000, reward: 5808.01
Saving models to /home/ythuang/pytorch-soft-actor-critic/models/HalfCheetah-v2/1/sac_actor and /home/ythuang/pytorch-soft-actor-critic/models/HalfCheetah-v2/1/sac_critic
Episode: 130, total numsteps: 130000, episode steps: 1000, reward: 5854.73
----------------------------------------
Test Episodes: 10, Avg. Reward: 6394.07
----------------------------------------
Saving models to /home/ythuang/pytorch-soft-actor-critic/models/HalfCheetah-v2/1/sac_actor and /home/ythuang/pytorch-soft-actor-critic/models/HalfCheetah-v2/1/sac_critic