Episode: 1, total numsteps: 1000, episode steps: 1000, reward: -10.36
Saving models to /home/ythuang/pytorch-soft-actor-critic/models/Swimmer-v2/2/sac_actor and /home/ythuang/pytorch-soft-actor-critic/models/Swimmer-v2/2/sac_critic
Episode: 2, total numsteps: 2000, episode steps: 1000, reward: -12.85
Saving models to /home/ythuang/pytorch-soft-actor-critic/models/Swimmer-v2/2/sac_actor and /home/ythuang/pytorch-soft-actor-critic/models/Swimmer-v2/2/sac_critic
Episode: 3, total numsteps: 3000, episode steps: 1000, reward: -21.35
Saving models to /home/ythuang/pytorch-soft-actor-critic/models/Swimmer-v2/2/sac_actor and /home/ythuang/pytorch-soft-actor-critic/models/Swimmer-v2/2/sac_critic
Episode: 4, total numsteps: 4000, episode steps: 1000, reward: 27.03
Saving models to /home/ythuang/pytorch-soft-actor-critic/models/Swimmer-v2/2/sac_actor and /home/ythuang/pytorch-soft-actor-critic/models/Swimmer-v2/2/sac_critic
Episode: 5, total numsteps: 5000, episode steps: 1000, reward: -10.78
Saving models to /home/ythuang/pytorch-soft-actor-critic/models/Swimmer-v2/2/sac_actor and /home/ythuang/pytorch-soft-actor-critic/models/Swimmer-v2/2/sac_critic
Episode: 6, total numsteps: 6000, episode steps: 1000, reward: 0.81
Saving models to /home/ythuang/pytorch-soft-actor-critic/models/Swimmer-v2/2/sac_actor and /home/ythuang/pytorch-soft-actor-critic/models/Swimmer-v2/2/sac_critic
Episode: 7, total numsteps: 7000, episode steps: 1000, reward: 16.36
Saving models to /home/ythuang/pytorch-soft-actor-critic/models/Swimmer-v2/2/sac_actor and /home/ythuang/pytorch-soft-actor-critic/models/Swimmer-v2/2/sac_critic
Episode: 8, total numsteps: 8000, episode steps: 1000, reward: -3.05
Saving models to /home/ythuang/pytorch-soft-actor-critic/models/Swimmer-v2/2/sac_actor and /home/ythuang/pytorch-soft-actor-critic/models/Swimmer-v2/2/sac_critic
Episode: 9, total numsteps: 9000, episode steps: 1000, reward: 5.63
Saving models to /home/ythuang/pytorch-soft-actor-critic/models/Swimmer-v2/2/sac_actor and /home/ythuang/pytorch-soft-actor-critic/models/Swimmer-v2/2/sac_critic
Episode: 10, total numsteps: 10000, episode steps: 1000, reward: 14.76
----------------------------------------
Test Episodes: 10, Avg. Reward: 33.32
----------------------------------------
Saving models to /home/ythuang/pytorch-soft-actor-critic/models/Swimmer-v2/2/sac_actor and /home/ythuang/pytorch-soft-actor-critic/models/Swimmer-v2/2/sac_critic
Episode: 11, total numsteps: 11000, episode steps: 1000, reward: 20.93
Saving models to /home/ythuang/pytorch-soft-actor-critic/models/Swimmer-v2/2/sac_actor and /home/ythuang/pytorch-soft-actor-critic/models/Swimmer-v2/2/sac_critic
Episode: 12, total numsteps: 12000, episode steps: 1000, reward: 30.24
Saving models to /home/ythuang/pytorch-soft-actor-critic/models/Swimmer-v2/2/sac_actor and /home/ythuang/pytorch-soft-actor-critic/models/Swimmer-v2/2/sac_critic
Episode: 13, total numsteps: 13000, episode steps: 1000, reward: 21.96
Saving models to /home/ythuang/pytorch-soft-actor-critic/models/Swimmer-v2/2/sac_actor and /home/ythuang/pytorch-soft-actor-critic/models/Swimmer-v2/2/sac_critic
Episode: 14, total numsteps: 14000, episode steps: 1000, reward: 19.86
Saving models to /home/ythuang/pytorch-soft-actor-critic/models/Swimmer-v2/2/sac_actor and /home/ythuang/pytorch-soft-actor-critic/models/Swimmer-v2/2/sac_critic
Episode: 15, total numsteps: 15000, episode steps: 1000, reward: 33.98
Saving models to /home/ythuang/pytorch-soft-actor-critic/models/Swimmer-v2/2/sac_actor and /home/ythuang/pytorch-soft-actor-critic/models/Swimmer-v2/2/sac_critic
Episode: 16, total numsteps: 16000, episode steps: 1000, reward: 6.93
Saving models to /home/ythuang/pytorch-soft-actor-critic/models/Swimmer-v2/2/sac_actor and /home/ythuang/pytorch-soft-actor-critic/models/Swimmer-v2/2/sac_critic
Episode: 17, total numsteps: 17000, episode steps: 1000, reward: 22.26
Saving models to /home/ythuang/pytorch-soft-actor-critic/models/Swimmer-v2/2/sac_actor and /home/ythuang/pytorch-soft-actor-critic/models/Swimmer-v2/2/sac_critic
Episode: 18, total numsteps: 18000, episode steps: 1000, reward: 19.23
Saving models to /home/ythuang/pytorch-soft-actor-critic/models/Swimmer-v2/2/sac_actor and /home/ythuang/pytorch-soft-actor-critic/models/Swimmer-v2/2/sac_critic
Episode: 19, total numsteps: 19000, episode steps: 1000, reward: 23.03
Saving models to /home/ythuang/pytorch-soft-actor-critic/models/Swimmer-v2/2/sac_actor and /home/ythuang/pytorch-soft-actor-critic/models/Swimmer-v2/2/sac_critic
Episode: 20, total numsteps: 20000, episode steps: 1000, reward: 33.88
----------------------------------------
Test Episodes: 10, Avg. Reward: 17.16
----------------------------------------
Saving models to /home/ythuang/pytorch-soft-actor-critic/models/Swimmer-v2/2/sac_actor and /home/ythuang/pytorch-soft-actor-critic/models/Swimmer-v2/2/sac_critic
Episode: 21, total numsteps: 21000, episode steps: 1000, reward: 17.77
Saving models to /home/ythuang/pytorch-soft-actor-critic/models/Swimmer-v2/2/sac_actor and /home/ythuang/pytorch-soft-actor-critic/models/Swimmer-v2/2/sac_critic
Episode: 22, total numsteps: 22000, episode steps: 1000, reward: 4.86
Saving models to /home/ythuang/pytorch-soft-actor-critic/models/Swimmer-v2/2/sac_actor and /home/ythuang/pytorch-soft-actor-critic/models/Swimmer-v2/2/sac_critic
Episode: 23, total numsteps: 23000, episode steps: 1000, reward: 0.8
Saving models to /home/ythuang/pytorch-soft-actor-critic/models/Swimmer-v2/2/sac_actor and /home/ythuang/pytorch-soft-actor-critic/models/Swimmer-v2/2/sac_critic
Episode: 24, total numsteps: 24000, episode steps: 1000, reward: -3.02
Saving models to /home/ythuang/pytorch-soft-actor-critic/models/Swimmer-v2/2/sac_actor and /home/ythuang/pytorch-soft-actor-critic/models/Swimmer-v2/2/sac_critic
Episode: 25, total numsteps: 25000, episode steps: 1000, reward: 22.87
Saving models to /home/ythuang/pytorch-soft-actor-critic/models/Swimmer-v2/2/sac_actor and /home/ythuang/pytorch-soft-actor-critic/models/Swimmer-v2/2/sac_critic
Episode: 26, total numsteps: 26000, episode steps: 1000, reward: 30.4
Saving models to /home/ythuang/pytorch-soft-actor-critic/models/Swimmer-v2/2/sac_actor and /home/ythuang/pytorch-soft-actor-critic/models/Swimmer-v2/2/sac_critic
Episode: 27, total numsteps: 27000, episode steps: 1000, reward: 30.33
Saving models to /home/ythuang/pytorch-soft-actor-critic/models/Swimmer-v2/2/sac_actor and /home/ythuang/pytorch-soft-actor-critic/models/Swimmer-v2/2/sac_critic
Episode: 28, total numsteps: 28000, episode steps: 1000, reward: 21.43
Saving models to /home/ythuang/pytorch-soft-actor-critic/models/Swimmer-v2/2/sac_actor and /home/ythuang/pytorch-soft-actor-critic/models/Swimmer-v2/2/sac_critic
Episode: 29, total numsteps: 29000, episode steps: 1000, reward: 21.09
Saving models to /home/ythuang/pytorch-soft-actor-critic/models/Swimmer-v2/2/sac_actor and /home/ythuang/pytorch-soft-actor-critic/models/Swimmer-v2/2/sac_critic
Episode: 30, total numsteps: 30000, episode steps: 1000, reward: 24.15
----------------------------------------
Test Episodes: 10, Avg. Reward: 9.9
----------------------------------------
Saving models to /home/ythuang/pytorch-soft-actor-critic/models/Swimmer-v2/2/sac_actor and /home/ythuang/pytorch-soft-actor-critic/models/Swimmer-v2/2/sac_critic
Episode: 31, total numsteps: 31000, episode steps: 1000, reward: 18.27
Saving models to /home/ythuang/pytorch-soft-actor-critic/models/Swimmer-v2/2/sac_actor and /home/ythuang/pytorch-soft-actor-critic/models/Swimmer-v2/2/sac_critic
Episode: 32, total numsteps: 32000, episode steps: 1000, reward: 9.09
Saving models to /home/ythuang/pytorch-soft-actor-critic/models/Swimmer-v2/2/sac_actor and /home/ythuang/pytorch-soft-actor-critic/models/Swimmer-v2/2/sac_critic
Episode: 33, total numsteps: 33000, episode steps: 1000, reward: 4.74
Saving models to /home/ythuang/pytorch-soft-actor-critic/models/Swimmer-v2/2/sac_actor and /home/ythuang/pytorch-soft-actor-critic/models/Swimmer-v2/2/sac_critic
Episode: 34, total numsteps: 34000, episode steps: 1000, reward: 14.58
Saving models to /home/ythuang/pytorch-soft-actor-critic/models/Swimmer-v2/2/sac_actor and /home/ythuang/pytorch-soft-actor-critic/models/Swimmer-v2/2/sac_critic
Episode: 35, total numsteps: 35000, episode steps: 1000, reward: 14.85
Saving models to /home/ythuang/pytorch-soft-actor-critic/models/Swimmer-v2/2/sac_actor and /home/ythuang/pytorch-soft-actor-critic/models/Swimmer-v2/2/sac_critic
Episode: 36, total numsteps: 36000, episode steps: 1000, reward: 14.26
Saving models to /home/ythuang/pytorch-soft-actor-critic/models/Swimmer-v2/2/sac_actor and /home/ythuang/pytorch-soft-actor-critic/models/Swimmer-v2/2/sac_critic
Episode: 37, total numsteps: 37000, episode steps: 1000, reward: 14.41
Saving models to /home/ythuang/pytorch-soft-actor-critic/models/Swimmer-v2/2/sac_actor and /home/ythuang/pytorch-soft-actor-critic/models/Swimmer-v2/2/sac_critic
Episode: 38, total numsteps: 38000, episode steps: 1000, reward: 14.59
Saving models to /home/ythuang/pytorch-soft-actor-critic/models/Swimmer-v2/2/sac_actor and /home/ythuang/pytorch-soft-actor-critic/models/Swimmer-v2/2/sac_critic
Episode: 39, total numsteps: 39000, episode steps: 1000, reward: 19.52
Saving models to /home/ythuang/pytorch-soft-actor-critic/models/Swimmer-v2/2/sac_actor and /home/ythuang/pytorch-soft-actor-critic/models/Swimmer-v2/2/sac_critic
Episode: 40, total numsteps: 40000, episode steps: 1000, reward: 19.7
----------------------------------------
Test Episodes: 10, Avg. Reward: 25.96
----------------------------------------
Saving models to /home/ythuang/pytorch-soft-actor-critic/models/Swimmer-v2/2/sac_actor and /home/ythuang/pytorch-soft-actor-critic/models/Swimmer-v2/2/sac_critic
Episode: 41, total numsteps: 41000, episode steps: 1000, reward: 23.93
Saving models to /home/ythuang/pytorch-soft-actor-critic/models/Swimmer-v2/2/sac_actor and /home/ythuang/pytorch-soft-actor-critic/models/Swimmer-v2/2/sac_critic
Episode: 42, total numsteps: 42000, episode steps: 1000, reward: 19.51
Saving models to /home/ythuang/pytorch-soft-actor-critic/models/Swimmer-v2/2/sac_actor and /home/ythuang/pytorch-soft-actor-critic/models/Swimmer-v2/2/sac_critic
Episode: 43, total numsteps: 43000, episode steps: 1000, reward: 18.58
Saving models to /home/ythuang/pytorch-soft-actor-critic/models/Swimmer-v2/2/sac_actor and /home/ythuang/pytorch-soft-actor-critic/models/Swimmer-v2/2/sac_critic
Episode: 44, total numsteps: 44000, episode steps: 1000, reward: 18.33
Saving models to /home/ythuang/pytorch-soft-actor-critic/models/Swimmer-v2/2/sac_actor and /home/ythuang/pytorch-soft-actor-critic/models/Swimmer-v2/2/sac_critic
Episode: 45, total numsteps: 45000, episode steps: 1000, reward: 33.56
Saving models to /home/ythuang/pytorch-soft-actor-critic/models/Swimmer-v2/2/sac_actor and /home/ythuang/pytorch-soft-actor-critic/models/Swimmer-v2/2/sac_critic
Episode: 46, total numsteps: 46000, episode steps: 1000, reward: 21.17
Saving models to /home/ythuang/pytorch-soft-actor-critic/models/Swimmer-v2/2/sac_actor and /home/ythuang/pytorch-soft-actor-critic/models/Swimmer-v2/2/sac_critic
Episode: 47, total numsteps: 47000, episode steps: 1000, reward: 28.64
Saving models to /home/ythuang/pytorch-soft-actor-critic/models/Swimmer-v2/2/sac_actor and /home/ythuang/pytorch-soft-actor-critic/models/Swimmer-v2/2/sac_critic
Episode: 48, total numsteps: 48000, episode steps: 1000, reward: 21.47
Saving models to /home/ythuang/pytorch-soft-actor-critic/models/Swimmer-v2/2/sac_actor and /home/ythuang/pytorch-soft-actor-critic/models/Swimmer-v2/2/sac_critic
Episode: 49, total numsteps: 49000, episode steps: 1000, reward: 30.76
Saving models to /home/ythuang/pytorch-soft-actor-critic/models/Swimmer-v2/2/sac_actor and /home/ythuang/pytorch-soft-actor-critic/models/Swimmer-v2/2/sac_critic
Episode: 50, total numsteps: 50000, episode steps: 1000, reward: 31.8
----------------------------------------
Test Episodes: 10, Avg. Reward: 23.75
----------------------------------------
Saving models to /home/ythuang/pytorch-soft-actor-critic/models/Swimmer-v2/2/sac_actor and /home/ythuang/pytorch-soft-actor-critic/models/Swimmer-v2/2/sac_critic
Episode: 51, total numsteps: 51000, episode steps: 1000, reward: 36.59
Saving models to /home/ythuang/pytorch-soft-actor-critic/models/Swimmer-v2/2/sac_actor and /home/ythuang/pytorch-soft-actor-critic/models/Swimmer-v2/2/sac_critic
Episode: 52, total numsteps: 52000, episode steps: 1000, reward: 34.83
Saving models to /home/ythuang/pytorch-soft-actor-critic/models/Swimmer-v2/2/sac_actor and /home/ythuang/pytorch-soft-actor-critic/models/Swimmer-v2/2/sac_critic
Episode: 53, total numsteps: 53000, episode steps: 1000, reward: 37.74
Saving models to /home/ythuang/pytorch-soft-actor-critic/models/Swimmer-v2/2/sac_actor and /home/ythuang/pytorch-soft-actor-critic/models/Swimmer-v2/2/sac_critic
Episode: 54, total numsteps: 54000, episode steps: 1000, reward: 34.25
Saving models to /home/ythuang/pytorch-soft-actor-critic/models/Swimmer-v2/2/sac_actor and /home/ythuang/pytorch-soft-actor-critic/models/Swimmer-v2/2/sac_critic
Episode: 55, total numsteps: 55000, episode steps: 1000, reward: 36.22
Saving models to /home/ythuang/pytorch-soft-actor-critic/models/Swimmer-v2/2/sac_actor and /home/ythuang/pytorch-soft-actor-critic/models/Swimmer-v2/2/sac_critic
Episode: 56, total numsteps: 56000, episode steps: 1000, reward: 33.24
Saving models to /home/ythuang/pytorch-soft-actor-critic/models/Swimmer-v2/2/sac_actor and /home/ythuang/pytorch-soft-actor-critic/models/Swimmer-v2/2/sac_critic
Episode: 57, total numsteps: 57000, episode steps: 1000, reward: 28.33
Saving models to /home/ythuang/pytorch-soft-actor-critic/models/Swimmer-v2/2/sac_actor and /home/ythuang/pytorch-soft-actor-critic/models/Swimmer-v2/2/sac_critic
Episode: 58, total numsteps: 58000, episode steps: 1000, reward: 31.03
Saving models to /home/ythuang/pytorch-soft-actor-critic/models/Swimmer-v2/2/sac_actor and /home/ythuang/pytorch-soft-actor-critic/models/Swimmer-v2/2/sac_critic
Episode: 59, total numsteps: 59000, episode steps: 1000, reward: 32.7
Saving models to /home/ythuang/pytorch-soft-actor-critic/models/Swimmer-v2/2/sac_actor and /home/ythuang/pytorch-soft-actor-critic/models/Swimmer-v2/2/sac_critic
Episode: 60, total numsteps: 60000, episode steps: 1000, reward: 29.21
----------------------------------------
Test Episodes: 10, Avg. Reward: 36.93
----------------------------------------
Saving models to /home/ythuang/pytorch-soft-actor-critic/models/Swimmer-v2/2/sac_actor and /home/ythuang/pytorch-soft-actor-critic/models/Swimmer-v2/2/sac_critic
Episode: 61, total numsteps: 61000, episode steps: 1000, reward: 35.47
Saving models to /home/ythuang/pytorch-soft-actor-critic/models/Swimmer-v2/2/sac_actor and /home/ythuang/pytorch-soft-actor-critic/models/Swimmer-v2/2/sac_critic
Episode: 62, total numsteps: 62000, episode steps: 1000, reward: 30.5
Saving models to /home/ythuang/pytorch-soft-actor-critic/models/Swimmer-v2/2/sac_actor and /home/ythuang/pytorch-soft-actor-critic/models/Swimmer-v2/2/sac_critic
Episode: 63, total numsteps: 63000, episode steps: 1000, reward: 27.52
Saving models to /home/ythuang/pytorch-soft-actor-critic/models/Swimmer-v2/2/sac_actor and /home/ythuang/pytorch-soft-actor-critic/models/Swimmer-v2/2/sac_critic
Episode: 64, total numsteps: 64000, episode steps: 1000, reward: 32.27
Saving models to /home/ythuang/pytorch-soft-actor-critic/models/Swimmer-v2/2/sac_actor and /home/ythuang/pytorch-soft-actor-critic/models/Swimmer-v2/2/sac_critic
Episode: 65, total numsteps: 65000, episode steps: 1000, reward: 32.69
Saving models to /home/ythuang/pytorch-soft-actor-critic/models/Swimmer-v2/2/sac_actor and /home/ythuang/pytorch-soft-actor-critic/models/Swimmer-v2/2/sac_critic
Episode: 66, total numsteps: 66000, episode steps: 1000, reward: 30.68
Saving models to /home/ythuang/pytorch-soft-actor-critic/models/Swimmer-v2/2/sac_actor and /home/ythuang/pytorch-soft-actor-critic/models/Swimmer-v2/2/sac_critic
Episode: 67, total numsteps: 67000, episode steps: 1000, reward: 33.03
Saving models to /home/ythuang/pytorch-soft-actor-critic/models/Swimmer-v2/2/sac_actor and /home/ythuang/pytorch-soft-actor-critic/models/Swimmer-v2/2/sac_critic
Episode: 68, total numsteps: 68000, episode steps: 1000, reward: 29.66
Saving models to /home/ythuang/pytorch-soft-actor-critic/models/Swimmer-v2/2/sac_actor and /home/ythuang/pytorch-soft-actor-critic/models/Swimmer-v2/2/sac_critic
Episode: 69, total numsteps: 69000, episode steps: 1000, reward: 28.77
Saving models to /home/ythuang/pytorch-soft-actor-critic/models/Swimmer-v2/2/sac_actor and /home/ythuang/pytorch-soft-actor-critic/models/Swimmer-v2/2/sac_critic
Episode: 70, total numsteps: 70000, episode steps: 1000, reward: 31.4
----------------------------------------
Test Episodes: 10, Avg. Reward: 36.51
----------------------------------------
Saving models to /home/ythuang/pytorch-soft-actor-critic/models/Swimmer-v2/2/sac_actor and /home/ythuang/pytorch-soft-actor-critic/models/Swimmer-v2/2/sac_critic
Episode: 71, total numsteps: 71000, episode steps: 1000, reward: 32.32
Saving models to /home/ythuang/pytorch-soft-actor-critic/models/Swimmer-v2/2/sac_actor and /home/ythuang/pytorch-soft-actor-critic/models/Swimmer-v2/2/sac_critic
Episode: 72, total numsteps: 72000, episode steps: 1000, reward: 29.85
Saving models to /home/ythuang/pytorch-soft-actor-critic/models/Swimmer-v2/2/sac_actor and /home/ythuang/pytorch-soft-actor-critic/models/Swimmer-v2/2/sac_critic
Episode: 73, total numsteps: 73000, episode steps: 1000, reward: 27.02
Saving models to /home/ythuang/pytorch-soft-actor-critic/models/Swimmer-v2/2/sac_actor and /home/ythuang/pytorch-soft-actor-critic/models/Swimmer-v2/2/sac_critic
Episode: 74, total numsteps: 74000, episode steps: 1000, reward: 31.6
Saving models to /home/ythuang/pytorch-soft-actor-critic/models/Swimmer-v2/2/sac_actor and /home/ythuang/pytorch-soft-actor-critic/models/Swimmer-v2/2/sac_critic
Episode: 75, total numsteps: 75000, episode steps: 1000, reward: 29.98
Saving models to /home/ythuang/pytorch-soft-actor-critic/models/Swimmer-v2/2/sac_actor and /home/ythuang/pytorch-soft-actor-critic/models/Swimmer-v2/2/sac_critic
Episode: 76, total numsteps: 76000, episode steps: 1000, reward: 33.09
Saving models to /home/ythuang/pytorch-soft-actor-critic/models/Swimmer-v2/2/sac_actor and /home/ythuang/pytorch-soft-actor-critic/models/Swimmer-v2/2/sac_critic
Episode: 77, total numsteps: 77000, episode steps: 1000, reward: 28.89
Saving models to /home/ythuang/pytorch-soft-actor-critic/models/Swimmer-v2/2/sac_actor and /home/ythuang/pytorch-soft-actor-critic/models/Swimmer-v2/2/sac_critic
Episode: 78, total numsteps: 78000, episode steps: 1000, reward: 28.88
Saving models to /home/ythuang/pytorch-soft-actor-critic/models/Swimmer-v2/2/sac_actor and /home/ythuang/pytorch-soft-actor-critic/models/Swimmer-v2/2/sac_critic
Episode: 79, total numsteps: 79000, episode steps: 1000, reward: 29.15
Saving models to /home/ythuang/pytorch-soft-actor-critic/models/Swimmer-v2/2/sac_actor and /home/ythuang/pytorch-soft-actor-critic/models/Swimmer-v2/2/sac_critic
Episode: 80, total numsteps: 80000, episode steps: 1000, reward: 29.96
----------------------------------------
Test Episodes: 10, Avg. Reward: 38.36
----------------------------------------
Saving models to /home/ythuang/pytorch-soft-actor-critic/models/Swimmer-v2/2/sac_actor and /home/ythuang/pytorch-soft-actor-critic/models/Swimmer-v2/2/sac_critic
Episode: 81, total numsteps: 81000, episode steps: 1000, reward: 38.73
Saving models to /home/ythuang/pytorch-soft-actor-critic/models/Swimmer-v2/2/sac_actor and /home/ythuang/pytorch-soft-actor-critic/models/Swimmer-v2/2/sac_critic
Episode: 82, total numsteps: 82000, episode steps: 1000, reward: 29.74
Saving models to /home/ythuang/pytorch-soft-actor-critic/models/Swimmer-v2/2/sac_actor and /home/ythuang/pytorch-soft-actor-critic/models/Swimmer-v2/2/sac_critic
Episode: 83, total numsteps: 83000, episode steps: 1000, reward: 31.44
Saving models to /home/ythuang/pytorch-soft-actor-critic/models/Swimmer-v2/2/sac_actor and /home/ythuang/pytorch-soft-actor-critic/models/Swimmer-v2/2/sac_critic
Episode: 84, total numsteps: 84000, episode steps: 1000, reward: 28.86
Saving models to /home/ythuang/pytorch-soft-actor-critic/models/Swimmer-v2/2/sac_actor and /home/ythuang/pytorch-soft-actor-critic/models/Swimmer-v2/2/sac_critic
Episode: 85, total numsteps: 85000, episode steps: 1000, reward: 24.23
Saving models to /home/ythuang/pytorch-soft-actor-critic/models/Swimmer-v2/2/sac_actor and /home/ythuang/pytorch-soft-actor-critic/models/Swimmer-v2/2/sac_critic
Episode: 86, total numsteps: 86000, episode steps: 1000, reward: 27.84
Saving models to /home/ythuang/pytorch-soft-actor-critic/models/Swimmer-v2/2/sac_actor and /home/ythuang/pytorch-soft-actor-critic/models/Swimmer-v2/2/sac_critic
Episode: 87, total numsteps: 87000, episode steps: 1000, reward: 25.3
Saving models to /home/ythuang/pytorch-soft-actor-critic/models/Swimmer-v2/2/sac_actor and /home/ythuang/pytorch-soft-actor-critic/models/Swimmer-v2/2/sac_critic
Episode: 88, total numsteps: 88000, episode steps: 1000, reward: 28.02
Saving models to /home/ythuang/pytorch-soft-actor-critic/models/Swimmer-v2/2/sac_actor and /home/ythuang/pytorch-soft-actor-critic/models/Swimmer-v2/2/sac_critic
Episode: 89, total numsteps: 89000, episode steps: 1000, reward: 21.61
Saving models to /home/ythuang/pytorch-soft-actor-critic/models/Swimmer-v2/2/sac_actor and /home/ythuang/pytorch-soft-actor-critic/models/Swimmer-v2/2/sac_critic
Episode: 90, total numsteps: 90000, episode steps: 1000, reward: 29.27
----------------------------------------
Test Episodes: 10, Avg. Reward: 38.71
----------------------------------------
Saving models to /home/ythuang/pytorch-soft-actor-critic/models/Swimmer-v2/2/sac_actor and /home/ythuang/pytorch-soft-actor-critic/models/Swimmer-v2/2/sac_critic
Episode: 91, total numsteps: 91000, episode steps: 1000, reward: 27.79
Saving models to /home/ythuang/pytorch-soft-actor-critic/models/Swimmer-v2/2/sac_actor and /home/ythuang/pytorch-soft-actor-critic/models/Swimmer-v2/2/sac_critic
Episode: 92, total numsteps: 92000, episode steps: 1000, reward: 30.89
Saving models to /home/ythuang/pytorch-soft-actor-critic/models/Swimmer-v2/2/sac_actor and /home/ythuang/pytorch-soft-actor-critic/models/Swimmer-v2/2/sac_critic
Episode: 93, total numsteps: 93000, episode steps: 1000, reward: 27.49
Saving models to /home/ythuang/pytorch-soft-actor-critic/models/Swimmer-v2/2/sac_actor and /home/ythuang/pytorch-soft-actor-critic/models/Swimmer-v2/2/sac_critic
Episode: 94, total numsteps: 94000, episode steps: 1000, reward: 26.15
Saving models to /home/ythuang/pytorch-soft-actor-critic/models/Swimmer-v2/2/sac_actor and /home/ythuang/pytorch-soft-actor-critic/models/Swimmer-v2/2/sac_critic
Episode: 95, total numsteps: 95000, episode steps: 1000, reward: 25.22
Saving models to /home/ythuang/pytorch-soft-actor-critic/models/Swimmer-v2/2/sac_actor and /home/ythuang/pytorch-soft-actor-critic/models/Swimmer-v2/2/sac_critic
Episode: 96, total numsteps: 96000, episode steps: 1000, reward: 27.69
Saving models to /home/ythuang/pytorch-soft-actor-critic/models/Swimmer-v2/2/sac_actor and /home/ythuang/pytorch-soft-actor-critic/models/Swimmer-v2/2/sac_critic
Episode: 97, total numsteps: 97000, episode steps: 1000, reward: 26.11
Saving models to /home/ythuang/pytorch-soft-actor-critic/models/Swimmer-v2/2/sac_actor and /home/ythuang/pytorch-soft-actor-critic/models/Swimmer-v2/2/sac_critic
Episode: 98, total numsteps: 98000, episode steps: 1000, reward: 30.48
Saving models to /home/ythuang/pytorch-soft-actor-critic/models/Swimmer-v2/2/sac_actor and /home/ythuang/pytorch-soft-actor-critic/models/Swimmer-v2/2/sac_critic
Episode: 99, total numsteps: 99000, episode steps: 1000, reward: 41.37
Saving models to /home/ythuang/pytorch-soft-actor-critic/models/Swimmer-v2/2/sac_actor and /home/ythuang/pytorch-soft-actor-critic/models/Swimmer-v2/2/sac_critic
Episode: 100, total numsteps: 100000, episode steps: 1000, reward: 27.45
----------------------------------------
Test Episodes: 10, Avg. Reward: 40.52
----------------------------------------
Saving models to /home/ythuang/pytorch-soft-actor-critic/models/Swimmer-v2/2/sac_actor and /home/ythuang/pytorch-soft-actor-critic/models/Swimmer-v2/2/sac_critic
Episode: 101, total numsteps: 101000, episode steps: 1000, reward: 29.5
Saving models to /home/ythuang/pytorch-soft-actor-critic/models/Swimmer-v2/2/sac_actor and /home/ythuang/pytorch-soft-actor-critic/models/Swimmer-v2/2/sac_critic
Episode: 102, total numsteps: 102000, episode steps: 1000, reward: 27.93