Episode: 1, total numsteps: 1000, episode steps: 1000, reward: -341.12
Saving models to /home/ythuang/pytorch-soft-actor-critic/models/HalfCheetah-v2/2/sac_actor and /home/ythuang/pytorch-soft-actor-critic/models/HalfCheetah-v2/2/sac_critic
Episode: 2, total numsteps: 2000, episode steps: 1000, reward: -314.19
Saving models to /home/ythuang/pytorch-soft-actor-critic/models/HalfCheetah-v2/2/sac_actor and /home/ythuang/pytorch-soft-actor-critic/models/HalfCheetah-v2/2/sac_critic
Episode: 3, total numsteps: 3000, episode steps: 1000, reward: -356.65
Saving models to /home/ythuang/pytorch-soft-actor-critic/models/HalfCheetah-v2/2/sac_actor and /home/ythuang/pytorch-soft-actor-critic/models/HalfCheetah-v2/2/sac_critic
Episode: 4, total numsteps: 4000, episode steps: 1000, reward: -205.41
Saving models to /home/ythuang/pytorch-soft-actor-critic/models/HalfCheetah-v2/2/sac_actor and /home/ythuang/pytorch-soft-actor-critic/models/HalfCheetah-v2/2/sac_critic
Episode: 5, total numsteps: 5000, episode steps: 1000, reward: -299.04
Saving models to /home/ythuang/pytorch-soft-actor-critic/models/HalfCheetah-v2/2/sac_actor and /home/ythuang/pytorch-soft-actor-critic/models/HalfCheetah-v2/2/sac_critic
Episode: 6, total numsteps: 6000, episode steps: 1000, reward: -210.01
Saving models to /home/ythuang/pytorch-soft-actor-critic/models/HalfCheetah-v2/2/sac_actor and /home/ythuang/pytorch-soft-actor-critic/models/HalfCheetah-v2/2/sac_critic
Episode: 7, total numsteps: 7000, episode steps: 1000, reward: -385.44
Saving models to /home/ythuang/pytorch-soft-actor-critic/models/HalfCheetah-v2/2/sac_actor and /home/ythuang/pytorch-soft-actor-critic/models/HalfCheetah-v2/2/sac_critic
Episode: 8, total numsteps: 8000, episode steps: 1000, reward: -364.44
Saving models to /home/ythuang/pytorch-soft-actor-critic/models/HalfCheetah-v2/2/sac_actor and /home/ythuang/pytorch-soft-actor-critic/models/HalfCheetah-v2/2/sac_critic
Episode: 9, total numsteps: 9000, episode steps: 1000, reward: -293.51
Saving models to /home/ythuang/pytorch-soft-actor-critic/models/HalfCheetah-v2/2/sac_actor and /home/ythuang/pytorch-soft-actor-critic/models/HalfCheetah-v2/2/sac_critic
Episode: 10, total numsteps: 10000, episode steps: 1000, reward: -166.92
----------------------------------------
Test Episodes: 10, Avg. Reward: -93.09
----------------------------------------
Saving models to /home/ythuang/pytorch-soft-actor-critic/models/HalfCheetah-v2/2/sac_actor and /home/ythuang/pytorch-soft-actor-critic/models/HalfCheetah-v2/2/sac_critic
Episode: 11, total numsteps: 11000, episode steps: 1000, reward: -197.84
Saving models to /home/ythuang/pytorch-soft-actor-critic/models/HalfCheetah-v2/2/sac_actor and /home/ythuang/pytorch-soft-actor-critic/models/HalfCheetah-v2/2/sac_critic
Episode: 12, total numsteps: 12000, episode steps: 1000, reward: -224.86
Saving models to /home/ythuang/pytorch-soft-actor-critic/models/HalfCheetah-v2/2/sac_actor and /home/ythuang/pytorch-soft-actor-critic/models/HalfCheetah-v2/2/sac_critic
Episode: 13, total numsteps: 13000, episode steps: 1000, reward: -257.1
Saving models to /home/ythuang/pytorch-soft-actor-critic/models/HalfCheetah-v2/2/sac_actor and /home/ythuang/pytorch-soft-actor-critic/models/HalfCheetah-v2/2/sac_critic
Episode: 14, total numsteps: 14000, episode steps: 1000, reward: -184.84
Saving models to /home/ythuang/pytorch-soft-actor-critic/models/HalfCheetah-v2/2/sac_actor and /home/ythuang/pytorch-soft-actor-critic/models/HalfCheetah-v2/2/sac_critic
Episode: 15, total numsteps: 15000, episode steps: 1000, reward: 247.77
Saving models to /home/ythuang/pytorch-soft-actor-critic/models/HalfCheetah-v2/2/sac_actor and /home/ythuang/pytorch-soft-actor-critic/models/HalfCheetah-v2/2/sac_critic
Episode: 16, total numsteps: 16000, episode steps: 1000, reward: 287.63
Saving models to /home/ythuang/pytorch-soft-actor-critic/models/HalfCheetah-v2/2/sac_actor and /home/ythuang/pytorch-soft-actor-critic/models/HalfCheetah-v2/2/sac_critic
Episode: 17, total numsteps: 17000, episode steps: 1000, reward: 186.2
Saving models to /home/ythuang/pytorch-soft-actor-critic/models/HalfCheetah-v2/2/sac_actor and /home/ythuang/pytorch-soft-actor-critic/models/HalfCheetah-v2/2/sac_critic
Episode: 18, total numsteps: 18000, episode steps: 1000, reward: 155.34
Saving models to /home/ythuang/pytorch-soft-actor-critic/models/HalfCheetah-v2/2/sac_actor and /home/ythuang/pytorch-soft-actor-critic/models/HalfCheetah-v2/2/sac_critic
Episode: 19, total numsteps: 19000, episode steps: 1000, reward: 434.17
Saving models to /home/ythuang/pytorch-soft-actor-critic/models/HalfCheetah-v2/2/sac_actor and /home/ythuang/pytorch-soft-actor-critic/models/HalfCheetah-v2/2/sac_critic
Episode: 20, total numsteps: 20000, episode steps: 1000, reward: 211.94
----------------------------------------
Test Episodes: 10, Avg. Reward: 47.46
----------------------------------------
Saving models to /home/ythuang/pytorch-soft-actor-critic/models/HalfCheetah-v2/2/sac_actor and /home/ythuang/pytorch-soft-actor-critic/models/HalfCheetah-v2/2/sac_critic
Episode: 21, total numsteps: 21000, episode steps: 1000, reward: 362.7
Saving models to /home/ythuang/pytorch-soft-actor-critic/models/HalfCheetah-v2/2/sac_actor and /home/ythuang/pytorch-soft-actor-critic/models/HalfCheetah-v2/2/sac_critic
Episode: 22, total numsteps: 22000, episode steps: 1000, reward: 680.59
Saving models to /home/ythuang/pytorch-soft-actor-critic/models/HalfCheetah-v2/2/sac_actor and /home/ythuang/pytorch-soft-actor-critic/models/HalfCheetah-v2/2/sac_critic
Episode: 23, total numsteps: 23000, episode steps: 1000, reward: 414.07
Saving models to /home/ythuang/pytorch-soft-actor-critic/models/HalfCheetah-v2/2/sac_actor and /home/ythuang/pytorch-soft-actor-critic/models/HalfCheetah-v2/2/sac_critic
Episode: 24, total numsteps: 24000, episode steps: 1000, reward: 700.98
Saving models to /home/ythuang/pytorch-soft-actor-critic/models/HalfCheetah-v2/2/sac_actor and /home/ythuang/pytorch-soft-actor-critic/models/HalfCheetah-v2/2/sac_critic
Episode: 25, total numsteps: 25000, episode steps: 1000, reward: 547.4
Saving models to /home/ythuang/pytorch-soft-actor-critic/models/HalfCheetah-v2/2/sac_actor and /home/ythuang/pytorch-soft-actor-critic/models/HalfCheetah-v2/2/sac_critic
Episode: 26, total numsteps: 26000, episode steps: 1000, reward: 836.4
Saving models to /home/ythuang/pytorch-soft-actor-critic/models/HalfCheetah-v2/2/sac_actor and /home/ythuang/pytorch-soft-actor-critic/models/HalfCheetah-v2/2/sac_critic
Episode: 27, total numsteps: 27000, episode steps: 1000, reward: 842.39
Saving models to /home/ythuang/pytorch-soft-actor-critic/models/HalfCheetah-v2/2/sac_actor and /home/ythuang/pytorch-soft-actor-critic/models/HalfCheetah-v2/2/sac_critic
Episode: 28, total numsteps: 28000, episode steps: 1000, reward: 851.18
Saving models to /home/ythuang/pytorch-soft-actor-critic/models/HalfCheetah-v2/2/sac_actor and /home/ythuang/pytorch-soft-actor-critic/models/HalfCheetah-v2/2/sac_critic
Episode: 29, total numsteps: 29000, episode steps: 1000, reward: -115.77
Saving models to /home/ythuang/pytorch-soft-actor-critic/models/HalfCheetah-v2/2/sac_actor and /home/ythuang/pytorch-soft-actor-critic/models/HalfCheetah-v2/2/sac_critic
Episode: 30, total numsteps: 30000, episode steps: 1000, reward: 1603.08
----------------------------------------
Test Episodes: 10, Avg. Reward: 2368.33
----------------------------------------
Saving models to /home/ythuang/pytorch-soft-actor-critic/models/HalfCheetah-v2/2/sac_actor and /home/ythuang/pytorch-soft-actor-critic/models/HalfCheetah-v2/2/sac_critic
Episode: 31, total numsteps: 31000, episode steps: 1000, reward: 1172.32
Saving models to /home/ythuang/pytorch-soft-actor-critic/models/HalfCheetah-v2/2/sac_actor and /home/ythuang/pytorch-soft-actor-critic/models/HalfCheetah-v2/2/sac_critic
Episode: 32, total numsteps: 32000, episode steps: 1000, reward: 3.8
Saving models to /home/ythuang/pytorch-soft-actor-critic/models/HalfCheetah-v2/2/sac_actor and /home/ythuang/pytorch-soft-actor-critic/models/HalfCheetah-v2/2/sac_critic
Episode: 33, total numsteps: 33000, episode steps: 1000, reward: 1628.08
Saving models to /home/ythuang/pytorch-soft-actor-critic/models/HalfCheetah-v2/2/sac_actor and /home/ythuang/pytorch-soft-actor-critic/models/HalfCheetah-v2/2/sac_critic
Episode: 34, total numsteps: 34000, episode steps: 1000, reward: 1427.71
Saving models to /home/ythuang/pytorch-soft-actor-critic/models/HalfCheetah-v2/2/sac_actor and /home/ythuang/pytorch-soft-actor-critic/models/HalfCheetah-v2/2/sac_critic
Episode: 35, total numsteps: 35000, episode steps: 1000, reward: 133.31
Saving models to /home/ythuang/pytorch-soft-actor-critic/models/HalfCheetah-v2/2/sac_actor and /home/ythuang/pytorch-soft-actor-critic/models/HalfCheetah-v2/2/sac_critic
Episode: 36, total numsteps: 36000, episode steps: 1000, reward: 1650.12
Saving models to /home/ythuang/pytorch-soft-actor-critic/models/HalfCheetah-v2/2/sac_actor and /home/ythuang/pytorch-soft-actor-critic/models/HalfCheetah-v2/2/sac_critic
Episode: 37, total numsteps: 37000, episode steps: 1000, reward: 150.28
Saving models to /home/ythuang/pytorch-soft-actor-critic/models/HalfCheetah-v2/2/sac_actor and /home/ythuang/pytorch-soft-actor-critic/models/HalfCheetah-v2/2/sac_critic
Episode: 38, total numsteps: 38000, episode steps: 1000, reward: 1.29
Saving models to /home/ythuang/pytorch-soft-actor-critic/models/HalfCheetah-v2/2/sac_actor and /home/ythuang/pytorch-soft-actor-critic/models/HalfCheetah-v2/2/sac_critic
Episode: 39, total numsteps: 39000, episode steps: 1000, reward: 2192.67
Saving models to /home/ythuang/pytorch-soft-actor-critic/models/HalfCheetah-v2/2/sac_actor and /home/ythuang/pytorch-soft-actor-critic/models/HalfCheetah-v2/2/sac_critic
Episode: 40, total numsteps: 40000, episode steps: 1000, reward: 201.88
----------------------------------------
Test Episodes: 10, Avg. Reward: 2352.18
----------------------------------------
Saving models to /home/ythuang/pytorch-soft-actor-critic/models/HalfCheetah-v2/2/sac_actor and /home/ythuang/pytorch-soft-actor-critic/models/HalfCheetah-v2/2/sac_critic
Episode: 41, total numsteps: 41000, episode steps: 1000, reward: 2342.68
Saving models to /home/ythuang/pytorch-soft-actor-critic/models/HalfCheetah-v2/2/sac_actor and /home/ythuang/pytorch-soft-actor-critic/models/HalfCheetah-v2/2/sac_critic
Episode: 42, total numsteps: 42000, episode steps: 1000, reward: 2263.9
Saving models to /home/ythuang/pytorch-soft-actor-critic/models/HalfCheetah-v2/2/sac_actor and /home/ythuang/pytorch-soft-actor-critic/models/HalfCheetah-v2/2/sac_critic
Episode: 43, total numsteps: 43000, episode steps: 1000, reward: 2363.29
Saving models to /home/ythuang/pytorch-soft-actor-critic/models/HalfCheetah-v2/2/sac_actor and /home/ythuang/pytorch-soft-actor-critic/models/HalfCheetah-v2/2/sac_critic
Episode: 44, total numsteps: 44000, episode steps: 1000, reward: 2342.6
Saving models to /home/ythuang/pytorch-soft-actor-critic/models/HalfCheetah-v2/2/sac_actor and /home/ythuang/pytorch-soft-actor-critic/models/HalfCheetah-v2/2/sac_critic
Episode: 45, total numsteps: 45000, episode steps: 1000, reward: 454.03
Saving models to /home/ythuang/pytorch-soft-actor-critic/models/HalfCheetah-v2/2/sac_actor and /home/ythuang/pytorch-soft-actor-critic/models/HalfCheetah-v2/2/sac_critic
Episode: 46, total numsteps: 46000, episode steps: 1000, reward: 665.97
Saving models to /home/ythuang/pytorch-soft-actor-critic/models/HalfCheetah-v2/2/sac_actor and /home/ythuang/pytorch-soft-actor-critic/models/HalfCheetah-v2/2/sac_critic
Episode: 47, total numsteps: 47000, episode steps: 1000, reward: 2604.5
Saving models to /home/ythuang/pytorch-soft-actor-critic/models/HalfCheetah-v2/2/sac_actor and /home/ythuang/pytorch-soft-actor-critic/models/HalfCheetah-v2/2/sac_critic
Episode: 48, total numsteps: 48000, episode steps: 1000, reward: 2223.42
Saving models to /home/ythuang/pytorch-soft-actor-critic/models/HalfCheetah-v2/2/sac_actor and /home/ythuang/pytorch-soft-actor-critic/models/HalfCheetah-v2/2/sac_critic
Episode: 49, total numsteps: 49000, episode steps: 1000, reward: 2463.29
Saving models to /home/ythuang/pytorch-soft-actor-critic/models/HalfCheetah-v2/2/sac_actor and /home/ythuang/pytorch-soft-actor-critic/models/HalfCheetah-v2/2/sac_critic
Episode: 50, total numsteps: 50000, episode steps: 1000, reward: 2853.92
----------------------------------------
Test Episodes: 10, Avg. Reward: 3294.69
----------------------------------------
Saving models to /home/ythuang/pytorch-soft-actor-critic/models/HalfCheetah-v2/2/sac_actor and /home/ythuang/pytorch-soft-actor-critic/models/HalfCheetah-v2/2/sac_critic
Episode: 51, total numsteps: 51000, episode steps: 1000, reward: 1836.69
Saving models to /home/ythuang/pytorch-soft-actor-critic/models/HalfCheetah-v2/2/sac_actor and /home/ythuang/pytorch-soft-actor-critic/models/HalfCheetah-v2/2/sac_critic
Episode: 52, total numsteps: 52000, episode steps: 1000, reward: 2378.6
Saving models to /home/ythuang/pytorch-soft-actor-critic/models/HalfCheetah-v2/2/sac_actor and /home/ythuang/pytorch-soft-actor-critic/models/HalfCheetah-v2/2/sac_critic
Episode: 53, total numsteps: 53000, episode steps: 1000, reward: 2874.76
Saving models to /home/ythuang/pytorch-soft-actor-critic/models/HalfCheetah-v2/2/sac_actor and /home/ythuang/pytorch-soft-actor-critic/models/HalfCheetah-v2/2/sac_critic
Episode: 54, total numsteps: 54000, episode steps: 1000, reward: 2848.26
Saving models to /home/ythuang/pytorch-soft-actor-critic/models/HalfCheetah-v2/2/sac_actor and /home/ythuang/pytorch-soft-actor-critic/models/HalfCheetah-v2/2/sac_critic
Episode: 55, total numsteps: 55000, episode steps: 1000, reward: 2847.22
Saving models to /home/ythuang/pytorch-soft-actor-critic/models/HalfCheetah-v2/2/sac_actor and /home/ythuang/pytorch-soft-actor-critic/models/HalfCheetah-v2/2/sac_critic
Episode: 56, total numsteps: 56000, episode steps: 1000, reward: 2895.77
Saving models to /home/ythuang/pytorch-soft-actor-critic/models/HalfCheetah-v2/2/sac_actor and /home/ythuang/pytorch-soft-actor-critic/models/HalfCheetah-v2/2/sac_critic
Episode: 57, total numsteps: 57000, episode steps: 1000, reward: 2956.58
Saving models to /home/ythuang/pytorch-soft-actor-critic/models/HalfCheetah-v2/2/sac_actor and /home/ythuang/pytorch-soft-actor-critic/models/HalfCheetah-v2/2/sac_critic
Episode: 58, total numsteps: 58000, episode steps: 1000, reward: 2968.04
Saving models to /home/ythuang/pytorch-soft-actor-critic/models/HalfCheetah-v2/2/sac_actor and /home/ythuang/pytorch-soft-actor-critic/models/HalfCheetah-v2/2/sac_critic
Episode: 59, total numsteps: 59000, episode steps: 1000, reward: 760.05
Saving models to /home/ythuang/pytorch-soft-actor-critic/models/HalfCheetah-v2/2/sac_actor and /home/ythuang/pytorch-soft-actor-critic/models/HalfCheetah-v2/2/sac_critic
Episode: 60, total numsteps: 60000, episode steps: 1000, reward: 3209.87
----------------------------------------
Test Episodes: 10, Avg. Reward: 3647.52
----------------------------------------
Saving models to /home/ythuang/pytorch-soft-actor-critic/models/HalfCheetah-v2/2/sac_actor and /home/ythuang/pytorch-soft-actor-critic/models/HalfCheetah-v2/2/sac_critic
Episode: 61, total numsteps: 61000, episode steps: 1000, reward: 3103.22
Saving models to /home/ythuang/pytorch-soft-actor-critic/models/HalfCheetah-v2/2/sac_actor and /home/ythuang/pytorch-soft-actor-critic/models/HalfCheetah-v2/2/sac_critic
Episode: 62, total numsteps: 62000, episode steps: 1000, reward: 3047.38
Saving models to /home/ythuang/pytorch-soft-actor-critic/models/HalfCheetah-v2/2/sac_actor and /home/ythuang/pytorch-soft-actor-critic/models/HalfCheetah-v2/2/sac_critic
Episode: 63, total numsteps: 63000, episode steps: 1000, reward: 3210.15
Saving models to /home/ythuang/pytorch-soft-actor-critic/models/HalfCheetah-v2/2/sac_actor and /home/ythuang/pytorch-soft-actor-critic/models/HalfCheetah-v2/2/sac_critic
Episode: 64, total numsteps: 64000, episode steps: 1000, reward: 3325.92
Saving models to /home/ythuang/pytorch-soft-actor-critic/models/HalfCheetah-v2/2/sac_actor and /home/ythuang/pytorch-soft-actor-critic/models/HalfCheetah-v2/2/sac_critic
Episode: 65, total numsteps: 65000, episode steps: 1000, reward: 3343.04
Saving models to /home/ythuang/pytorch-soft-actor-critic/models/HalfCheetah-v2/2/sac_actor and /home/ythuang/pytorch-soft-actor-critic/models/HalfCheetah-v2/2/sac_critic
Episode: 66, total numsteps: 66000, episode steps: 1000, reward: 3245.68