Episode: 1, total numsteps: 1000, episode steps: 1000, reward: -307.56
Saving models to /home/ythuang/pytorch-soft-actor-critic/models/HalfCheetah-v2/3/sac_actor and /home/ythuang/pytorch-soft-actor-critic/models/HalfCheetah-v2/3/sac_critic
Episode: 2, total numsteps: 2000, episode steps: 1000, reward: -176.04
Saving models to /home/ythuang/pytorch-soft-actor-critic/models/HalfCheetah-v2/3/sac_actor and /home/ythuang/pytorch-soft-actor-critic/models/HalfCheetah-v2/3/sac_critic
Episode: 3, total numsteps: 3000, episode steps: 1000, reward: -235.88
Saving models to /home/ythuang/pytorch-soft-actor-critic/models/HalfCheetah-v2/3/sac_actor and /home/ythuang/pytorch-soft-actor-critic/models/HalfCheetah-v2/3/sac_critic
Episode: 4, total numsteps: 4000, episode steps: 1000, reward: -341.0
Saving models to /home/ythuang/pytorch-soft-actor-critic/models/HalfCheetah-v2/3/sac_actor and /home/ythuang/pytorch-soft-actor-critic/models/HalfCheetah-v2/3/sac_critic
Episode: 5, total numsteps: 5000, episode steps: 1000, reward: -244.72
Saving models to /home/ythuang/pytorch-soft-actor-critic/models/HalfCheetah-v2/3/sac_actor and /home/ythuang/pytorch-soft-actor-critic/models/HalfCheetah-v2/3/sac_critic
Episode: 6, total numsteps: 6000, episode steps: 1000, reward: -240.07
Saving models to /home/ythuang/pytorch-soft-actor-critic/models/HalfCheetah-v2/3/sac_actor and /home/ythuang/pytorch-soft-actor-critic/models/HalfCheetah-v2/3/sac_critic
Episode: 7, total numsteps: 7000, episode steps: 1000, reward: -259.81
Saving models to /home/ythuang/pytorch-soft-actor-critic/models/HalfCheetah-v2/3/sac_actor and /home/ythuang/pytorch-soft-actor-critic/models/HalfCheetah-v2/3/sac_critic
Episode: 8, total numsteps: 8000, episode steps: 1000, reward: -356.66
Saving models to /home/ythuang/pytorch-soft-actor-critic/models/HalfCheetah-v2/3/sac_actor and /home/ythuang/pytorch-soft-actor-critic/models/HalfCheetah-v2/3/sac_critic
Episode: 9, total numsteps: 9000, episode steps: 1000, reward: -443.84
Saving models to /home/ythuang/pytorch-soft-actor-critic/models/HalfCheetah-v2/3/sac_actor and /home/ythuang/pytorch-soft-actor-critic/models/HalfCheetah-v2/3/sac_critic
Episode: 10, total numsteps: 10000, episode steps: 1000, reward: -250.75
----------------------------------------
Test Episodes: 10, Avg. Reward: -160.55
----------------------------------------
Saving models to /home/ythuang/pytorch-soft-actor-critic/models/HalfCheetah-v2/3/sac_actor and /home/ythuang/pytorch-soft-actor-critic/models/HalfCheetah-v2/3/sac_critic
Episode: 11, total numsteps: 11000, episode steps: 1000, reward: -161.07
Saving models to /home/ythuang/pytorch-soft-actor-critic/models/HalfCheetah-v2/3/sac_actor and /home/ythuang/pytorch-soft-actor-critic/models/HalfCheetah-v2/3/sac_critic
Episode: 12, total numsteps: 12000, episode steps: 1000, reward: -184.12
Saving models to /home/ythuang/pytorch-soft-actor-critic/models/HalfCheetah-v2/3/sac_actor and /home/ythuang/pytorch-soft-actor-critic/models/HalfCheetah-v2/3/sac_critic
Episode: 13, total numsteps: 13000, episode steps: 1000, reward: -216.81
Saving models to /home/ythuang/pytorch-soft-actor-critic/models/HalfCheetah-v2/3/sac_actor and /home/ythuang/pytorch-soft-actor-critic/models/HalfCheetah-v2/3/sac_critic
Episode: 14, total numsteps: 14000, episode steps: 1000, reward: -239.87
Saving models to /home/ythuang/pytorch-soft-actor-critic/models/HalfCheetah-v2/3/sac_actor and /home/ythuang/pytorch-soft-actor-critic/models/HalfCheetah-v2/3/sac_critic
Episode: 15, total numsteps: 15000, episode steps: 1000, reward: -235.71
Saving models to /home/ythuang/pytorch-soft-actor-critic/models/HalfCheetah-v2/3/sac_actor and /home/ythuang/pytorch-soft-actor-critic/models/HalfCheetah-v2/3/sac_critic
Episode: 16, total numsteps: 16000, episode steps: 1000, reward: -160.01
Saving models to /home/ythuang/pytorch-soft-actor-critic/models/HalfCheetah-v2/3/sac_actor and /home/ythuang/pytorch-soft-actor-critic/models/HalfCheetah-v2/3/sac_critic
Episode: 17, total numsteps: 17000, episode steps: 1000, reward: -67.77
Saving models to /home/ythuang/pytorch-soft-actor-critic/models/HalfCheetah-v2/3/sac_actor and /home/ythuang/pytorch-soft-actor-critic/models/HalfCheetah-v2/3/sac_critic
Episode: 18, total numsteps: 18000, episode steps: 1000, reward: -169.66
Saving models to /home/ythuang/pytorch-soft-actor-critic/models/HalfCheetah-v2/3/sac_actor and /home/ythuang/pytorch-soft-actor-critic/models/HalfCheetah-v2/3/sac_critic
Episode: 19, total numsteps: 19000, episode steps: 1000, reward: 56.93
Saving models to /home/ythuang/pytorch-soft-actor-critic/models/HalfCheetah-v2/3/sac_actor and /home/ythuang/pytorch-soft-actor-critic/models/HalfCheetah-v2/3/sac_critic
Episode: 20, total numsteps: 20000, episode steps: 1000, reward: 8.16
----------------------------------------
Test Episodes: 10, Avg. Reward: 736.27
----------------------------------------
Saving models to /home/ythuang/pytorch-soft-actor-critic/models/HalfCheetah-v2/3/sac_actor and /home/ythuang/pytorch-soft-actor-critic/models/HalfCheetah-v2/3/sac_critic
Episode: 21, total numsteps: 21000, episode steps: 1000, reward: -37.74
Saving models to /home/ythuang/pytorch-soft-actor-critic/models/HalfCheetah-v2/3/sac_actor and /home/ythuang/pytorch-soft-actor-critic/models/HalfCheetah-v2/3/sac_critic
Episode: 22, total numsteps: 22000, episode steps: 1000, reward: 302.41
Saving models to /home/ythuang/pytorch-soft-actor-critic/models/HalfCheetah-v2/3/sac_actor and /home/ythuang/pytorch-soft-actor-critic/models/HalfCheetah-v2/3/sac_critic
Episode: 23, total numsteps: 23000, episode steps: 1000, reward: 399.13
Saving models to /home/ythuang/pytorch-soft-actor-critic/models/HalfCheetah-v2/3/sac_actor and /home/ythuang/pytorch-soft-actor-critic/models/HalfCheetah-v2/3/sac_critic
Episode: 24, total numsteps: 24000, episode steps: 1000, reward: -114.54
Saving models to /home/ythuang/pytorch-soft-actor-critic/models/HalfCheetah-v2/3/sac_actor and /home/ythuang/pytorch-soft-actor-critic/models/HalfCheetah-v2/3/sac_critic
Episode: 25, total numsteps: 25000, episode steps: 1000, reward: -31.6
Saving models to /home/ythuang/pytorch-soft-actor-critic/models/HalfCheetah-v2/3/sac_actor and /home/ythuang/pytorch-soft-actor-critic/models/HalfCheetah-v2/3/sac_critic
Episode: 26, total numsteps: 26000, episode steps: 1000, reward: 115.8
Saving models to /home/ythuang/pytorch-soft-actor-critic/models/HalfCheetah-v2/3/sac_actor and /home/ythuang/pytorch-soft-actor-critic/models/HalfCheetah-v2/3/sac_critic
Episode: 27, total numsteps: 27000, episode steps: 1000, reward: 307.3
Saving models to /home/ythuang/pytorch-soft-actor-critic/models/HalfCheetah-v2/3/sac_actor and /home/ythuang/pytorch-soft-actor-critic/models/HalfCheetah-v2/3/sac_critic
Episode: 28, total numsteps: 28000, episode steps: 1000, reward: 77.47
Saving models to /home/ythuang/pytorch-soft-actor-critic/models/HalfCheetah-v2/3/sac_actor and /home/ythuang/pytorch-soft-actor-critic/models/HalfCheetah-v2/3/sac_critic
Episode: 29, total numsteps: 29000, episode steps: 1000, reward: 166.42
Saving models to /home/ythuang/pytorch-soft-actor-critic/models/HalfCheetah-v2/3/sac_actor and /home/ythuang/pytorch-soft-actor-critic/models/HalfCheetah-v2/3/sac_critic
Episode: 30, total numsteps: 30000, episode steps: 1000, reward: -94.65
----------------------------------------
Test Episodes: 10, Avg. Reward: 745.91
----------------------------------------
Saving models to /home/ythuang/pytorch-soft-actor-critic/models/HalfCheetah-v2/3/sac_actor and /home/ythuang/pytorch-soft-actor-critic/models/HalfCheetah-v2/3/sac_critic
Episode: 31, total numsteps: 31000, episode steps: 1000, reward: 220.57
Saving models to /home/ythuang/pytorch-soft-actor-critic/models/HalfCheetah-v2/3/sac_actor and /home/ythuang/pytorch-soft-actor-critic/models/HalfCheetah-v2/3/sac_critic
Episode: 32, total numsteps: 32000, episode steps: 1000, reward: 251.76
Saving models to /home/ythuang/pytorch-soft-actor-critic/models/HalfCheetah-v2/3/sac_actor and /home/ythuang/pytorch-soft-actor-critic/models/HalfCheetah-v2/3/sac_critic
Episode: 33, total numsteps: 33000, episode steps: 1000, reward: 719.27
Saving models to /home/ythuang/pytorch-soft-actor-critic/models/HalfCheetah-v2/3/sac_actor and /home/ythuang/pytorch-soft-actor-critic/models/HalfCheetah-v2/3/sac_critic
Episode: 34, total numsteps: 34000, episode steps: 1000, reward: -20.62
Saving models to /home/ythuang/pytorch-soft-actor-critic/models/HalfCheetah-v2/3/sac_actor and /home/ythuang/pytorch-soft-actor-critic/models/HalfCheetah-v2/3/sac_critic
Episode: 35, total numsteps: 35000, episode steps: 1000, reward: 105.78
Saving models to /home/ythuang/pytorch-soft-actor-critic/models/HalfCheetah-v2/3/sac_actor and /home/ythuang/pytorch-soft-actor-critic/models/HalfCheetah-v2/3/sac_critic
Episode: 36, total numsteps: 36000, episode steps: 1000, reward: 553.85
Saving models to /home/ythuang/pytorch-soft-actor-critic/models/HalfCheetah-v2/3/sac_actor and /home/ythuang/pytorch-soft-actor-critic/models/HalfCheetah-v2/3/sac_critic
Episode: 37, total numsteps: 37000, episode steps: 1000, reward: 174.25
Saving models to /home/ythuang/pytorch-soft-actor-critic/models/HalfCheetah-v2/3/sac_actor and /home/ythuang/pytorch-soft-actor-critic/models/HalfCheetah-v2/3/sac_critic
Episode: 38, total numsteps: 38000, episode steps: 1000, reward: 1449.47
Saving models to /home/ythuang/pytorch-soft-actor-critic/models/HalfCheetah-v2/3/sac_actor and /home/ythuang/pytorch-soft-actor-critic/models/HalfCheetah-v2/3/sac_critic
Episode: 39, total numsteps: 39000, episode steps: 1000, reward: 1018.91
Saving models to /home/ythuang/pytorch-soft-actor-critic/models/HalfCheetah-v2/3/sac_actor and /home/ythuang/pytorch-soft-actor-critic/models/HalfCheetah-v2/3/sac_critic
Episode: 40, total numsteps: 40000, episode steps: 1000, reward: 482.88
----------------------------------------
Test Episodes: 10, Avg. Reward: 1929.99
----------------------------------------
Saving models to /home/ythuang/pytorch-soft-actor-critic/models/HalfCheetah-v2/3/sac_actor and /home/ythuang/pytorch-soft-actor-critic/models/HalfCheetah-v2/3/sac_critic
Episode: 41, total numsteps: 41000, episode steps: 1000, reward: 811.53
Saving models to /home/ythuang/pytorch-soft-actor-critic/models/HalfCheetah-v2/3/sac_actor and /home/ythuang/pytorch-soft-actor-critic/models/HalfCheetah-v2/3/sac_critic
Episode: 42, total numsteps: 42000, episode steps: 1000, reward: 1968.31
Saving models to /home/ythuang/pytorch-soft-actor-critic/models/HalfCheetah-v2/3/sac_actor and /home/ythuang/pytorch-soft-actor-critic/models/HalfCheetah-v2/3/sac_critic
Episode: 43, total numsteps: 43000, episode steps: 1000, reward: 1223.8
Saving models to /home/ythuang/pytorch-soft-actor-critic/models/HalfCheetah-v2/3/sac_actor and /home/ythuang/pytorch-soft-actor-critic/models/HalfCheetah-v2/3/sac_critic
Episode: 44, total numsteps: 44000, episode steps: 1000, reward: 602.78
Saving models to /home/ythuang/pytorch-soft-actor-critic/models/HalfCheetah-v2/3/sac_actor and /home/ythuang/pytorch-soft-actor-critic/models/HalfCheetah-v2/3/sac_critic
Episode: 45, total numsteps: 45000, episode steps: 1000, reward: 1309.17
Saving models to /home/ythuang/pytorch-soft-actor-critic/models/HalfCheetah-v2/3/sac_actor and /home/ythuang/pytorch-soft-actor-critic/models/HalfCheetah-v2/3/sac_critic
Episode: 46, total numsteps: 46000, episode steps: 1000, reward: 306.5
Saving models to /home/ythuang/pytorch-soft-actor-critic/models/HalfCheetah-v2/3/sac_actor and /home/ythuang/pytorch-soft-actor-critic/models/HalfCheetah-v2/3/sac_critic
Episode: 47, total numsteps: 47000, episode steps: 1000, reward: 1898.97
Saving models to /home/ythuang/pytorch-soft-actor-critic/models/HalfCheetah-v2/3/sac_actor and /home/ythuang/pytorch-soft-actor-critic/models/HalfCheetah-v2/3/sac_critic
Episode: 48, total numsteps: 48000, episode steps: 1000, reward: 128.95
Saving models to /home/ythuang/pytorch-soft-actor-critic/models/HalfCheetah-v2/3/sac_actor and /home/ythuang/pytorch-soft-actor-critic/models/HalfCheetah-v2/3/sac_critic
Episode: 49, total numsteps: 49000, episode steps: 1000, reward: 787.33
Saving models to /home/ythuang/pytorch-soft-actor-critic/models/HalfCheetah-v2/3/sac_actor and /home/ythuang/pytorch-soft-actor-critic/models/HalfCheetah-v2/3/sac_critic
Episode: 50, total numsteps: 50000, episode steps: 1000, reward: 2091.37
----------------------------------------
Test Episodes: 10, Avg. Reward: 2338.45
----------------------------------------
Saving models to /home/ythuang/pytorch-soft-actor-critic/models/HalfCheetah-v2/3/sac_actor and /home/ythuang/pytorch-soft-actor-critic/models/HalfCheetah-v2/3/sac_critic
Episode: 51, total numsteps: 51000, episode steps: 1000, reward: 2205.36
Saving models to /home/ythuang/pytorch-soft-actor-critic/models/HalfCheetah-v2/3/sac_actor and /home/ythuang/pytorch-soft-actor-critic/models/HalfCheetah-v2/3/sac_critic
Episode: 52, total numsteps: 52000, episode steps: 1000, reward: 474.32
Saving models to /home/ythuang/pytorch-soft-actor-critic/models/HalfCheetah-v2/3/sac_actor and /home/ythuang/pytorch-soft-actor-critic/models/HalfCheetah-v2/3/sac_critic
Episode: 53, total numsteps: 53000, episode steps: 1000, reward: 2301.95
Saving models to /home/ythuang/pytorch-soft-actor-critic/models/HalfCheetah-v2/3/sac_actor and /home/ythuang/pytorch-soft-actor-critic/models/HalfCheetah-v2/3/sac_critic
Episode: 54, total numsteps: 54000, episode steps: 1000, reward: 2201.49
Saving models to /home/ythuang/pytorch-soft-actor-critic/models/HalfCheetah-v2/3/sac_actor and /home/ythuang/pytorch-soft-actor-critic/models/HalfCheetah-v2/3/sac_critic
Episode: 55, total numsteps: 55000, episode steps: 1000, reward: 2543.56
Saving models to /home/ythuang/pytorch-soft-actor-critic/models/HalfCheetah-v2/3/sac_actor and /home/ythuang/pytorch-soft-actor-critic/models/HalfCheetah-v2/3/sac_critic
Episode: 56, total numsteps: 56000, episode steps: 1000, reward: 394.65
Saving models to /home/ythuang/pytorch-soft-actor-critic/models/HalfCheetah-v2/3/sac_actor and /home/ythuang/pytorch-soft-actor-critic/models/HalfCheetah-v2/3/sac_critic
Episode: 57, total numsteps: 57000, episode steps: 1000, reward: 2757.74
Saving models to /home/ythuang/pytorch-soft-actor-critic/models/HalfCheetah-v2/3/sac_actor and /home/ythuang/pytorch-soft-actor-critic/models/HalfCheetah-v2/3/sac_critic
Episode: 58, total numsteps: 58000, episode steps: 1000, reward: 2178.45
Saving models to /home/ythuang/pytorch-soft-actor-critic/models/HalfCheetah-v2/3/sac_actor and /home/ythuang/pytorch-soft-actor-critic/models/HalfCheetah-v2/3/sac_critic
Episode: 59, total numsteps: 59000, episode steps: 1000, reward: 2472.86
Saving models to /home/ythuang/pytorch-soft-actor-critic/models/HalfCheetah-v2/3/sac_actor and /home/ythuang/pytorch-soft-actor-critic/models/HalfCheetah-v2/3/sac_critic
Episode: 60, total numsteps: 60000, episode steps: 1000, reward: 2639.52
----------------------------------------
Test Episodes: 10, Avg. Reward: 3347.06
----------------------------------------
Saving models to /home/ythuang/pytorch-soft-actor-critic/models/HalfCheetah-v2/3/sac_actor and /home/ythuang/pytorch-soft-actor-critic/models/HalfCheetah-v2/3/sac_critic
Episode: 61, total numsteps: 61000, episode steps: 1000, reward: 3095.01
Saving models to /home/ythuang/pytorch-soft-actor-critic/models/HalfCheetah-v2/3/sac_actor and /home/ythuang/pytorch-soft-actor-critic/models/HalfCheetah-v2/3/sac_critic
Episode: 62, total numsteps: 62000, episode steps: 1000, reward: 2937.24
Saving models to /home/ythuang/pytorch-soft-actor-critic/models/HalfCheetah-v2/3/sac_actor and /home/ythuang/pytorch-soft-actor-critic/models/HalfCheetah-v2/3/sac_critic
Episode: 63, total numsteps: 63000, episode steps: 1000, reward: 2884.77
Saving models to /home/ythuang/pytorch-soft-actor-critic/models/HalfCheetah-v2/3/sac_actor and /home/ythuang/pytorch-soft-actor-critic/models/HalfCheetah-v2/3/sac_critic
Episode: 64, total numsteps: 64000, episode steps: 1000, reward: 3307.31
Saving models to /home/ythuang/pytorch-soft-actor-critic/models/HalfCheetah-v2/3/sac_actor and /home/ythuang/pytorch-soft-actor-critic/models/HalfCheetah-v2/3/sac_critic
Episode: 65, total numsteps: 65000, episode steps: 1000, reward: 3189.54
Saving models to /home/ythuang/pytorch-soft-actor-critic/models/HalfCheetah-v2/3/sac_actor and /home/ythuang/pytorch-soft-actor-critic/models/HalfCheetah-v2/3/sac_critic
Episode: 66, total numsteps: 66000, episode steps: 1000, reward: 1458.08
Saving models to /home/ythuang/pytorch-soft-actor-critic/models/HalfCheetah-v2/3/sac_actor and /home/ythuang/pytorch-soft-actor-critic/models/HalfCheetah-v2/3/sac_critic
Episode: 67, total numsteps: 67000, episode steps: 1000, reward: 1376.8
Saving models to /home/ythuang/pytorch-soft-actor-critic/models/HalfCheetah-v2/3/sac_actor and /home/ythuang/pytorch-soft-actor-critic/models/HalfCheetah-v2/3/sac_critic
Episode: 68, total numsteps: 68000, episode steps: 1000, reward: 3354.4
Saving models to /home/ythuang/pytorch-soft-actor-critic/models/HalfCheetah-v2/3/sac_actor and /home/ythuang/pytorch-soft-actor-critic/models/HalfCheetah-v2/3/sac_critic
Episode: 69, total numsteps: 69000, episode steps: 1000, reward: 3721.99
Saving models to /home/ythuang/pytorch-soft-actor-critic/models/HalfCheetah-v2/3/sac_actor and /home/ythuang/pytorch-soft-actor-critic/models/HalfCheetah-v2/3/sac_critic
Episode: 70, total numsteps: 70000, episode steps: 1000, reward: 3394.73
----------------------------------------
Test Episodes: 10, Avg. Reward: 4253.53
----------------------------------------
Saving models to /home/ythuang/pytorch-soft-actor-critic/models/HalfCheetah-v2/3/sac_actor and /home/ythuang/pytorch-soft-actor-critic/models/HalfCheetah-v2/3/sac_critic
Episode: 71, total numsteps: 71000, episode steps: 1000, reward: 3492.52
Saving models to /home/ythuang/pytorch-soft-actor-critic/models/HalfCheetah-v2/3/sac_actor and /home/ythuang/pytorch-soft-actor-critic/models/HalfCheetah-v2/3/sac_critic
Episode: 72, total numsteps: 72000, episode steps: 1000, reward: 3437.11
Saving models to /home/ythuang/pytorch-soft-actor-critic/models/HalfCheetah-v2/3/sac_actor and /home/ythuang/pytorch-soft-actor-critic/models/HalfCheetah-v2/3/sac_critic
Episode: 73, total numsteps: 73000, episode steps: 1000, reward: 1769.29
Saving models to /home/ythuang/pytorch-soft-actor-critic/models/HalfCheetah-v2/3/sac_actor and /home/ythuang/pytorch-soft-actor-critic/models/HalfCheetah-v2/3/sac_critic
Episode: 74, total numsteps: 74000, episode steps: 1000, reward: 3845.12
Saving models to /home/ythuang/pytorch-soft-actor-critic/models/HalfCheetah-v2/3/sac_actor and /home/ythuang/pytorch-soft-actor-critic/models/HalfCheetah-v2/3/sac_critic
Episode: 75, total numsteps: 75000, episode steps: 1000, reward: 3885.01
Saving models to /home/ythuang/pytorch-soft-actor-critic/models/HalfCheetah-v2/3/sac_actor and /home/ythuang/pytorch-soft-actor-critic/models/HalfCheetah-v2/3/sac_critic
Episode: 76, total numsteps: 76000, episode steps: 1000, reward: 3917.59
Saving models to /home/ythuang/pytorch-soft-actor-critic/models/HalfCheetah-v2/3/sac_actor and /home/ythuang/pytorch-soft-actor-critic/models/HalfCheetah-v2/3/sac_critic
Episode: 77, total numsteps: 77000, episode steps: 1000, reward: 3691.48
Saving models to /home/ythuang/pytorch-soft-actor-critic/models/HalfCheetah-v2/3/sac_actor and /home/ythuang/pytorch-soft-actor-critic/models/HalfCheetah-v2/3/sac_critic
Episode: 78, total numsteps: 78000, episode steps: 1000, reward: 3936.31
Saving models to /home/ythuang/pytorch-soft-actor-critic/models/HalfCheetah-v2/3/sac_actor and /home/ythuang/pytorch-soft-actor-critic/models/HalfCheetah-v2/3/sac_critic
Episode: 79, total numsteps: 79000, episode steps: 1000, reward: 1859.69
Saving models to /home/ythuang/pytorch-soft-actor-critic/models/HalfCheetah-v2/3/sac_actor and /home/ythuang/pytorch-soft-actor-critic/models/HalfCheetah-v2/3/sac_critic
Episode: 80, total numsteps: 80000, episode steps: 1000, reward: 3980.76
----------------------------------------
Test Episodes: 10, Avg. Reward: 3503.13
----------------------------------------
Saving models to /home/ythuang/pytorch-soft-actor-critic/models/HalfCheetah-v2/3/sac_actor and /home/ythuang/pytorch-soft-actor-critic/models/HalfCheetah-v2/3/sac_critic
Episode: 81, total numsteps: 81000, episode steps: 1000, reward: 3811.34
Saving models to /home/ythuang/pytorch-soft-actor-critic/models/HalfCheetah-v2/3/sac_actor and /home/ythuang/pytorch-soft-actor-critic/models/HalfCheetah-v2/3/sac_critic
Episode: 82, total numsteps: 82000, episode steps: 1000, reward: 1879.19
Saving models to /home/ythuang/pytorch-soft-actor-critic/models/HalfCheetah-v2/3/sac_actor and /home/ythuang/pytorch-soft-actor-critic/models/HalfCheetah-v2/3/sac_critic
Episode: 83, total numsteps: 83000, episode steps: 1000, reward: 4432.76
Saving models to /home/ythuang/pytorch-soft-actor-critic/models/HalfCheetah-v2/3/sac_actor and /home/ythuang/pytorch-soft-actor-critic/models/HalfCheetah-v2/3/sac_critic
Episode: 84, total numsteps: 84000, episode steps: 1000, reward: 432.84
Saving models to /home/ythuang/pytorch-soft-actor-critic/models/HalfCheetah-v2/3/sac_actor and /home/ythuang/pytorch-soft-actor-critic/models/HalfCheetah-v2/3/sac_critic
Episode: 85, total numsteps: 85000, episode steps: 1000, reward: 3904.14
Saving models to /home/ythuang/pytorch-soft-actor-critic/models/HalfCheetah-v2/3/sac_actor and /home/ythuang/pytorch-soft-actor-critic/models/HalfCheetah-v2/3/sac_critic
Episode: 86, total numsteps: 86000, episode steps: 1000, reward: 3991.21
Saving models to /home/ythuang/pytorch-soft-actor-critic/models/HalfCheetah-v2/3/sac_actor and /home/ythuang/pytorch-soft-actor-critic/models/HalfCheetah-v2/3/sac_critic
Episode: 87, total numsteps: 87000, episode steps: 1000, reward: 3899.98
Saving models to /home/ythuang/pytorch-soft-actor-critic/models/HalfCheetah-v2/3/sac_actor and /home/ythuang/pytorch-soft-actor-critic/models/HalfCheetah-v2/3/sac_critic
Episode: 88, total numsteps: 88000, episode steps: 1000, reward: 3973.43
Saving models to /home/ythuang/pytorch-soft-actor-critic/models/HalfCheetah-v2/3/sac_actor and /home/ythuang/pytorch-soft-actor-critic/models/HalfCheetah-v2/3/sac_critic
Episode: 89, total numsteps: 89000, episode steps: 1000, reward: 2312.65
Saving models to /home/ythuang/pytorch-soft-actor-critic/models/HalfCheetah-v2/3/sac_actor and /home/ythuang/pytorch-soft-actor-critic/models/HalfCheetah-v2/3/sac_critic
Episode: 90, total numsteps: 90000, episode steps: 1000, reward: 4341.88
----------------------------------------
Test Episodes: 10, Avg. Reward: 4898.25
----------------------------------------
Saving models to /home/ythuang/pytorch-soft-actor-critic/models/HalfCheetah-v2/3/sac_actor and /home/ythuang/pytorch-soft-actor-critic/models/HalfCheetah-v2/3/sac_critic
Episode: 91, total numsteps: 91000, episode steps: 1000, reward: 4317.97
Saving models to /home/ythuang/pytorch-soft-actor-critic/models/HalfCheetah-v2/3/sac_actor and /home/ythuang/pytorch-soft-actor-critic/models/HalfCheetah-v2/3/sac_critic
Episode: 92, total numsteps: 92000, episode steps: 1000, reward: 4365.63
Saving models to /home/ythuang/pytorch-soft-actor-critic/models/HalfCheetah-v2/3/sac_actor and /home/ythuang/pytorch-soft-actor-critic/models/HalfCheetah-v2/3/sac_critic
Episode: 93, total numsteps: 93000, episode steps: 1000, reward: 4215.42
Saving models to /home/ythuang/pytorch-soft-actor-critic/models/HalfCheetah-v2/3/sac_actor and /home/ythuang/pytorch-soft-actor-critic/models/HalfCheetah-v2/3/sac_critic
Episode: 94, total numsteps: 94000, episode steps: 1000, reward: 4721.69
Saving models to /home/ythuang/pytorch-soft-actor-critic/models/HalfCheetah-v2/3/sac_actor and /home/ythuang/pytorch-soft-actor-critic/models/HalfCheetah-v2/3/sac_critic
Episode: 95, total numsteps: 95000, episode steps: 1000, reward: 4596.55
Saving models to /home/ythuang/pytorch-soft-actor-critic/models/HalfCheetah-v2/3/sac_actor and /home/ythuang/pytorch-soft-actor-critic/models/HalfCheetah-v2/3/sac_critic
Episode: 96, total numsteps: 96000, episode steps: 1000, reward: 4602.2
Saving models to /home/ythuang/pytorch-soft-actor-critic/models/HalfCheetah-v2/3/sac_actor and /home/ythuang/pytorch-soft-actor-critic/models/HalfCheetah-v2/3/sac_critic
Episode: 97, total numsteps: 97000, episode steps: 1000, reward: 4753.7
Saving models to /home/ythuang/pytorch-soft-actor-critic/models/HalfCheetah-v2/3/sac_actor and /home/ythuang/pytorch-soft-actor-critic/models/HalfCheetah-v2/3/sac_critic
Episode: 98, total numsteps: 98000, episode steps: 1000, reward: 4681.99
Saving models to /home/ythuang/pytorch-soft-actor-critic/models/HalfCheetah-v2/3/sac_actor and /home/ythuang/pytorch-soft-actor-critic/models/HalfCheetah-v2/3/sac_critic
Episode: 99, total numsteps: 99000, episode steps: 1000, reward: 4747.65
Saving models to /home/ythuang/pytorch-soft-actor-critic/models/HalfCheetah-v2/3/sac_actor and /home/ythuang/pytorch-soft-actor-critic/models/HalfCheetah-v2/3/sac_critic
Episode: 100, total numsteps: 100000, episode steps: 1000, reward: 5064.49
----------------------------------------
Test Episodes: 10, Avg. Reward: 5100.07
----------------------------------------
Saving models to /home/ythuang/pytorch-soft-actor-critic/models/HalfCheetah-v2/3/sac_actor and /home/ythuang/pytorch-soft-actor-critic/models/HalfCheetah-v2/3/sac_critic
Episode: 101, total numsteps: 101000, episode steps: 1000, reward: 4638.52
Saving models to /home/ythuang/pytorch-soft-actor-critic/models/HalfCheetah-v2/3/sac_actor and /home/ythuang/pytorch-soft-actor-critic/models/HalfCheetah-v2/3/sac_critic
Episode: 102, total numsteps: 102000, episode steps: 1000, reward: 4885.27
Saving models to /home/ythuang/pytorch-soft-actor-critic/models/HalfCheetah-v2/3/sac_actor and /home/ythuang/pytorch-soft-actor-critic/models/HalfCheetah-v2/3/sac_critic
Episode: 103, total numsteps: 103000, episode steps: 1000, reward: 4688.55
Saving models to /home/ythuang/pytorch-soft-actor-critic/models/HalfCheetah-v2/3/sac_actor and /home/ythuang/pytorch-soft-actor-critic/models/HalfCheetah-v2/3/sac_critic
Episode: 104, total numsteps: 104000, episode steps: 1000, reward: 3007.86
Saving models to /home/ythuang/pytorch-soft-actor-critic/models/HalfCheetah-v2/3/sac_actor and /home/ythuang/pytorch-soft-actor-critic/models/HalfCheetah-v2/3/sac_critic
Episode: 105, total numsteps: 105000, episode steps: 1000, reward: 5079.19
Saving models to /home/ythuang/pytorch-soft-actor-critic/models/HalfCheetah-v2/3/sac_actor and /home/ythuang/pytorch-soft-actor-critic/models/HalfCheetah-v2/3/sac_critic
Episode: 106, total numsteps: 106000, episode steps: 1000, reward: 4916.97
Saving models to /home/ythuang/pytorch-soft-actor-critic/models/HalfCheetah-v2/3/sac_actor and /home/ythuang/pytorch-soft-actor-critic/models/HalfCheetah-v2/3/sac_critic
Episode: 107, total numsteps: 107000, episode steps: 1000, reward: 5108.98
Saving models to /home/ythuang/pytorch-soft-actor-critic/models/HalfCheetah-v2/3/sac_actor and /home/ythuang/pytorch-soft-actor-critic/models/HalfCheetah-v2/3/sac_critic
Episode: 108, total numsteps: 108000, episode steps: 1000, reward: 4685.83
Saving models to /home/ythuang/pytorch-soft-actor-critic/models/HalfCheetah-v2/3/sac_actor and /home/ythuang/pytorch-soft-actor-critic/models/HalfCheetah-v2/3/sac_critic
Episode: 109, total numsteps: 109000, episode steps: 1000, reward: 5168.27
Saving models to /home/ythuang/pytorch-soft-actor-critic/models/HalfCheetah-v2/3/sac_actor and /home/ythuang/pytorch-soft-actor-critic/models/HalfCheetah-v2/3/sac_critic
Episode: 110, total numsteps: 110000, episode steps: 1000, reward: 4978.96
----------------------------------------
Test Episodes: 10, Avg. Reward: 6286.96
----------------------------------------
Saving models to /home/ythuang/pytorch-soft-actor-critic/models/HalfCheetah-v2/3/sac_actor and /home/ythuang/pytorch-soft-actor-critic/models/HalfCheetah-v2/3/sac_critic
Episode: 111, total numsteps: 111000, episode steps: 1000, reward: 5014.81
Saving models to /home/ythuang/pytorch-soft-actor-critic/models/HalfCheetah-v2/3/sac_actor and /home/ythuang/pytorch-soft-actor-critic/models/HalfCheetah-v2/3/sac_critic
Episode: 112, total numsteps: 112000, episode steps: 1000, reward: 5311.31
Saving models to /home/ythuang/pytorch-soft-actor-critic/models/HalfCheetah-v2/3/sac_actor and /home/ythuang/pytorch-soft-actor-critic/models/HalfCheetah-v2/3/sac_critic
Episode: 113, total numsteps: 113000, episode steps: 1000, reward: 5479.54
Saving models to /home/ythuang/pytorch-soft-actor-critic/models/HalfCheetah-v2/3/sac_actor and /home/ythuang/pytorch-soft-actor-critic/models/HalfCheetah-v2/3/sac_critic
Episode: 114, total numsteps: 114000, episode steps: 1000, reward: 5471.41
Saving models to /home/ythuang/pytorch-soft-actor-critic/models/HalfCheetah-v2/3/sac_actor and /home/ythuang/pytorch-soft-actor-critic/models/HalfCheetah-v2/3/sac_critic
Episode: 115, total numsteps: 115000, episode steps: 1000, reward: 5420.68
Saving models to /home/ythuang/pytorch-soft-actor-critic/models/HalfCheetah-v2/3/sac_actor and /home/ythuang/pytorch-soft-actor-critic/models/HalfCheetah-v2/3/sac_critic
Episode: 116, total numsteps: 116000, episode steps: 1000, reward: 5270.63
Saving models to /home/ythuang/pytorch-soft-actor-critic/models/HalfCheetah-v2/3/sac_actor and /home/ythuang/pytorch-soft-actor-critic/models/HalfCheetah-v2/3/sac_critic
Episode: 117, total numsteps: 117000, episode steps: 1000, reward: 5456.26
Saving models to /home/ythuang/pytorch-soft-actor-critic/models/HalfCheetah-v2/3/sac_actor and /home/ythuang/pytorch-soft-actor-critic/models/HalfCheetah-v2/3/sac_critic
Episode: 118, total numsteps: 118000, episode steps: 1000, reward: 5457.56
Saving models to /home/ythuang/pytorch-soft-actor-critic/models/HalfCheetah-v2/3/sac_actor and /home/ythuang/pytorch-soft-actor-critic/models/HalfCheetah-v2/3/sac_critic
Episode: 119, total numsteps: 119000, episode steps: 1000, reward: 4998.5
Saving models to /home/ythuang/pytorch-soft-actor-critic/models/HalfCheetah-v2/3/sac_actor and /home/ythuang/pytorch-soft-actor-critic/models/HalfCheetah-v2/3/sac_critic
Episode: 120, total numsteps: 120000, episode steps: 1000, reward: 5507.8
----------------------------------------
Test Episodes: 10, Avg. Reward: 6409.2
----------------------------------------
Saving models to /home/ythuang/pytorch-soft-actor-critic/models/HalfCheetah-v2/3/sac_actor and /home/ythuang/pytorch-soft-actor-critic/models/HalfCheetah-v2/3/sac_critic
Episode: 121, total numsteps: 121000, episode steps: 1000, reward: 5490.65
Saving models to /home/ythuang/pytorch-soft-actor-critic/models/HalfCheetah-v2/3/sac_actor and /home/ythuang/pytorch-soft-actor-critic/models/HalfCheetah-v2/3/sac_critic
Episode: 122, total numsteps: 122000, episode steps: 1000, reward: 5724.21
Saving models to /home/ythuang/pytorch-soft-actor-critic/models/HalfCheetah-v2/3/sac_actor and /home/ythuang/pytorch-soft-actor-critic/models/HalfCheetah-v2/3/sac_critic
Episode: 123, total numsteps: 123000, episode steps: 1000, reward: 5492.29
Saving models to /home/ythuang/pytorch-soft-actor-critic/models/HalfCheetah-v2/3/sac_actor and /home/ythuang/pytorch-soft-actor-critic/models/HalfCheetah-v2/3/sac_critic
Episode: 124, total numsteps: 124000, episode steps: 1000, reward: 5698.54
Saving models to /home/ythuang/pytorch-soft-actor-critic/models/HalfCheetah-v2/3/sac_actor and /home/ythuang/pytorch-soft-actor-critic/models/HalfCheetah-v2/3/sac_critic
Episode: 125, total numsteps: 125000, episode steps: 1000, reward: 5772.27
Saving models to /home/ythuang/pytorch-soft-actor-critic/models/HalfCheetah-v2/3/sac_actor and /home/ythuang/pytorch-soft-actor-critic/models/HalfCheetah-v2/3/sac_critic
Episode: 126, total numsteps: 126000, episode steps: 1000, reward: 5584.52
Saving models to /home/ythuang/pytorch-soft-actor-critic/models/HalfCheetah-v2/3/sac_actor and /home/ythuang/pytorch-soft-actor-critic/models/HalfCheetah-v2/3/sac_critic
Episode: 127, total numsteps: 127000, episode steps: 1000, reward: 5777.99
Saving models to /home/ythuang/pytorch-soft-actor-critic/models/HalfCheetah-v2/3/sac_actor and /home/ythuang/pytorch-soft-actor-critic/models/HalfCheetah-v2/3/sac_critic
Episode: 128, total numsteps: 128000, episode steps: 1000, reward: 5816.81
Saving models to /home/ythuang/pytorch-soft-actor-critic/models/HalfCheetah-v2/3/sac_actor and /home/ythuang/pytorch-soft-actor-critic/models/HalfCheetah-v2/3/sac_critic
Episode: 129, total numsteps: 129000, episode steps: 1000, reward: 5902.17
Saving models to /home/ythuang/pytorch-soft-actor-critic/models/HalfCheetah-v2/3/sac_actor and /home/ythuang/pytorch-soft-actor-critic/models/HalfCheetah-v2/3/sac_critic
Episode: 130, total numsteps: 130000, episode steps: 1000, reward: 5700.12
----------------------------------------
Test Episodes: 10, Avg. Reward: 6390.07
----------------------------------------
Saving models to /home/ythuang/pytorch-soft-actor-critic/models/HalfCheetah-v2/3/sac_actor and /home/ythuang/pytorch-soft-actor-critic/models/HalfCheetah-v2/3/sac_critic